{"/Users/nhatle/Documents/vtmp/dine-with-locals/server/src/config/cloudinary.ts": {"path":"/Users/nhatle/Documents/vtmp/dine-with-locals/server/src/config/cloudinary.ts","statementMap":{"0":{"start":{"line":1,"column":0},"end":{"line":1,"column":15}},"1":{"start":{"line":19,"column":9},"end":{"line":1,"column":46}},"2":{"start":{"line":2,"column":0},"end":{"line":2,"column":62}},"3":{"start":{"line":3,"column":0},"end":{"line":3,"column":28}},"4":{"start":{"line":6,"column":0},"end":{"line":10,"column":3}},"5":{"start":{"line":13,"column":16},"end":{"line":15,"column":2}},"6":{"start":{"line":17,"column":15},"end":{"line":17,"column":43}},"7":{"start":{"line":19,"column":21},"end":{"line":19,"column":27}}},"fnMap":{"0":{"name":"(anonymous_1)","decl":{"start":{"line":19,"column":9},"end":{"line":19,"column":19}},"loc":{"start":{"line":19,"column":9},"end":{"line":1,"column":46}}}},"branchMap":{},"s":{"0":0,"1":0,"2":0,"3":0,"4":0,"5":0,"6":0,"7":0},"f":{"0":0},"b":{}}
,"/Users/nhatle/Documents/vtmp/dine-with-locals/server/src/config/mongo.ts": {"path":"/Users/nhatle/Documents/vtmp/dine-with-locals/server/src/config/mongo.ts","statementMap":{"0":{"start":{"line":1,"column":0},"end":{"line":1,"column":28}},"1":{"start":{"line":2,"column":0},"end":{"line":2,"column":16}},"2":{"start":{"line":3,"column":0},"end":{"line":3,"column":32}},"3":{"start":{"line":5,"column":18},"end":{"line":26,"column":1}},"4":{"start":{"line":6,"column":2},"end":{"line":25,"column":3}},"5":{"start":{"line":8,"column":4},"end":{"line":14,"column":5}},"6":{"start":{"line":10,"column":6},"end":{"line":12,"column":8}},"7":{"start":{"line":13,"column":6},"end":{"line":13,"column":13}},"8":{"start":{"line":16,"column":17},"end":{"line":17,"column":null}},"9":{"start":{"line":19,"column":4},"end":{"line":19,"column":62}},"10":{"start":{"line":21,"column":4},"end":{"line":21,"column":52}},"11":{"start":{"line":22,"column":4},"end":{"line":24,"column":5}},"12":{"start":{"line":23,"column":6},"end":{"line":23,"column":22}},"13":{"start":{"line":28,"column":0},"end":{"line":28,"column":25}}},"fnMap":{"0":{"name":"(anonymous_1)","decl":{"start":{"line":5,"column":18},"end":{"line":5,"column":23}},"loc":{"start":{"line":5,"column":29},"end":{"line":26,"column":1}}}},"branchMap":{"0":{"loc":{"start":{"line":8,"column":4},"end":{"line":14,"column":5}},"type":"if","locations":[{"start":{"line":8,"column":4},"end":{"line":14,"column":5}},{"start":{},"end":{}}]},"1":{"loc":{"start":{"line":17,"column":6},"end":{"line":17,"column":75}},"type":"binary-expr","locations":[{"start":{"line":17,"column":6},"end":{"line":17,"column":27}},{"start":{"line":17,"column":31},"end":{"line":17,"column":75}}]},"2":{"loc":{"start":{"line":22,"column":4},"end":{"line":24,"column":5}},"type":"if","locations":[{"start":{"line":22,"column":4},"end":{"line":24,"column":5}},{"start":{},"end":{}}]}},"s":{"0":0,"1":0,"2":0,"3":0,"4":0,"5":0,"6":0,"7":0,"8":0,"9":0,"10":0,"11":0,"12":0,"13":0},"f":{"0":0},"b":{"0":[0,0],"1":[0,0],"2":[0,0]}}
,"/Users/nhatle/Documents/vtmp/dine-with-locals/server/src/config/socket.ts": {"path":"/Users/nhatle/Documents/vtmp/dine-with-locals/server/src/config/socket.ts","statementMap":{"0":{"start":{"line":1,"column":0},"end":{"line":1,"column":53}},"1":{"start":{"line":3,"column":0},"end":{"line":3,"column":37}},"2":{"start":{"line":4,"column":0},"end":{"line":4,"column":43}},"3":{"start":{"line":5,"column":0},"end":{"line":5,"column":31}},"4":{"start":{"line":6,"column":0},"end":{"line":6,"column":37}},"5":{"start":{"line":7,"column":0},"end":{"line":7,"column":28}},"6":{"start":{"line":8,"column":0},"end":{"line":8,"column":16}},"7":{"start":{"line":10,"column":19},"end":{"line":10,"column":37}},"8":{"start":{"line":12,"column":32},"end":{"line":236,"column":1}},"9":{"start":{"line":13,"column":13},"end":{"line":20,"column":4}},"10":{"start":{"line":23,"column":2},"end":{"line":50,"column":5}},"11":{"start":{"line":24,"column":19},"end":{"line":24,"column":48}},"12":{"start":{"line":25,"column":18},"end":{"line":25,"column":46}},"13":{"start":{"line":27,"column":4},"end":{"line":29,"column":5}},"14":{"start":{"line":28,"column":6},"end":{"line":28,"column":73}},"15":{"start":{"line":30,"column":4},"end":{"line":32,"column":5}},"16":{"start":{"line":31,"column":6},"end":{"line":31,"column":66}},"17":{"start":{"line":34,"column":4},"end":{"line":49,"column":5}},"18":{"start":{"line":35,"column":22},"end":{"line":35,"column":null}},"19":{"start":{"line":38,"column":19},"end":{"line":38,"column":71}},"20":{"start":{"line":39,"column":6},"end":{"line":41,"column":7}},"21":{"start":{"line":40,"column":8},"end":{"line":40,"column":71}},"22":{"start":{"line":43,"column":6},"end":{"line":43,"column":31}},"23":{"start":{"line":44,"column":6},"end":{"line":44,"column":25}},"24":{"start":{"line":45,"column":6},"end":{"line":45,"column":13}},"25":{"start":{"line":47,"column":6},"end":{"line":47,"column":59}},"26":{"start":{"line":48,"column":6},"end":{"line":48,"column":68}},"27":{"start":{"line":52,"column":2},"end":{"line":233,"column":5}},"28":{"start":{"line":53,"column":4},"end":{"line":53,"column":77}},"29":{"start":{"line":57,"column":4},"end":{"line":60,"column":5}},"30":{"start":{"line":58,"column":6},"end":{"line":58,"column":43}},"31":{"start":{"line":59,"column":6},"end":{"line":59,"column":74}},"32":{"start":{"line":63,"column":4},"end":{"line":67,"column":7}},"33":{"start":{"line":70,"column":4},"end":{"line":77,"column":7}},"34":{"start":{"line":71,"column":6},"end":{"line":71,"column":50}},"35":{"start":{"line":72,"column":6},"end":{"line":76,"column":9}},"36":{"start":{"line":80,"column":4},"end":{"line":96,"column":7}},"37":{"start":{"line":81,"column":6},"end":{"line":81,"column":36}},"38":{"start":{"line":82,"column":6},"end":{"line":82,"column":71}},"39":{"start":{"line":85,"column":6},"end":{"line":89,"column":9}},"40":{"start":{"line":92,"column":6},"end":{"line":95,"column":9}},"41":{"start":{"line":99,"column":4},"end":{"line":109,"column":7}},"42":{"start":{"line":100,"column":6},"end":{"line":100,"column":37}},"43":{"start":{"line":101,"column":6},"end":{"line":101,"column":69}},"44":{"start":{"line":104,"column":6},"end":{"line":108,"column":9}},"45":{"start":{"line":112,"column":4},"end":{"line":119,"column":7}},"46":{"start":{"line":113,"column":6},"end":{"line":113,"column":54}},"47":{"start":{"line":114,"column":6},"end":{"line":118,"column":9}},"48":{"start":{"line":122,"column":4},"end":{"line":141,"column":7}},"49":{"start":{"line":123,"column":46},"end":{"line":123,"column":50}},"50":{"start":{"line":124,"column":6},"end":{"line":124,"column":76}},"51":{"start":{"line":126,"column":27},"end":{"line":131,"column":8}},"52":{"start":{"line":134,"column":6},"end":{"line":134,"column":75}},"53":{"start":{"line":137,"column":6},"end":{"line":140,"column":9}},"54":{"start":{"line":144,"column":4},"end":{"line":146,"column":7}},"55":{"start":{"line":145,"column":6},"end":{"line":145,"column":56}},"56":{"start":{"line":149,"column":4},"end":{"line":151,"column":7}},"57":{"start":{"line":150,"column":6},"end":{"line":150,"column":44}},"58":{"start":{"line":155,"column":4},"end":{"line":165,"column":7}},"59":{"start":{"line":156,"column":6},"end":{"line":156,"column":26}},"60":{"start":{"line":157,"column":6},"end":{"line":157,"column":66}},"61":{"start":{"line":160,"column":6},"end":{"line":164,"column":9}},"62":{"start":{"line":168,"column":4},"end":{"line":178,"column":7}},"63":{"start":{"line":169,"column":6},"end":{"line":169,"column":27}},"64":{"start":{"line":170,"column":6},"end":{"line":170,"column":64}},"65":{"start":{"line":173,"column":6},"end":{"line":177,"column":9}},"66":{"start":{"line":181,"column":4},"end":{"line":232,"column":6}},"67":{"start":{"line":184,"column":8},"end":{"line":230,"column":9}},"68":{"start":{"line":186,"column":23},"end":{"line":186,"column":55}},"69":{"start":{"line":187,"column":10},"end":{"line":190,"column":11}},"70":{"start":{"line":188,"column":12},"end":{"line":188,"column":51}},"71":{"start":{"line":189,"column":12},"end":{"line":189,"column":19}},"72":{"start":{"line":193,"column":10},"end":{"line":204,"column":11}},"73":{"start":{"line":194,"column":12},"end":{"line":203,"column":13}},"74":{"start":{"line":198,"column":14},"end":{"line":201,"column":16}},"75":{"start":{"line":202,"column":14},"end":{"line":202,"column":21}},"76":{"start":{"line":207,"column":29},"end":{"line":211,"column":12}},"77":{"start":{"line":214,"column":24},"end":{"line":214,"column":56}},"78":{"start":{"line":217,"column":10},"end":{"line":219,"column":13}},"79":{"start":{"line":222,"column":10},"end":{"line":222,"column":72}},"80":{"start":{"line":225,"column":10},"end":{"line":225,"column":62}},"81":{"start":{"line":226,"column":10},"end":{"line":226,"column":50}},"82":{"start":{"line":228,"column":10},"end":{"line":228,"column":56}},"83":{"start":{"line":229,"column":10},"end":{"line":229,"column":57}},"84":{"start":{"line":235,"column":2},"end":{"line":235,"column":12}},"85":{"start":{"line":12,"column":13},"end":{"line":12,"column":32}}},"fnMap":{"0":{"name":"(anonymous_1)","decl":{"start":{"line":12,"column":32},"end":{"line":12,"column":33}},"loc":{"start":{"line":12,"column":55},"end":{"line":236,"column":1}}},"1":{"name":"(anonymous_2)","decl":{"start":{"line":23,"column":9},"end":{"line":23,"column":14}},"loc":{"start":{"line":23,"column":37},"end":{"line":50,"column":3}}},"2":{"name":"(anonymous_3)","decl":{"start":{"line":52,"column":22},"end":{"line":52,"column":23}},"loc":{"start":{"line":52,"column":38},"end":{"line":233,"column":3}}},"3":{"name":"(anonymous_4)","decl":{"start":{"line":70,"column":30},"end":{"line":70,"column":31}},"loc":{"start":{"line":70,"column":44},"end":{"line":77,"column":5}}},"4":{"name":"(anonymous_5)","decl":{"start":{"line":80,"column":27},"end":{"line":80,"column":28}},"loc":{"start":{"line":80,"column":46},"end":{"line":96,"column":5}}},"5":{"name":"(anonymous_6)","decl":{"start":{"line":99,"column":28},"end":{"line":99,"column":29}},"loc":{"start":{"line":99,"column":47},"end":{"line":109,"column":5}}},"6":{"name":"(anonymous_7)","decl":{"start":{"line":112,"column":32},"end":{"line":112,"column":33}},"loc":{"start":{"line":112,"column":46},"end":{"line":119,"column":5}}},"7":{"name":"(anonymous_8)","decl":{"start":{"line":122,"column":35},"end":{"line":122,"column":36}},"loc":{"start":{"line":122,"column":49},"end":{"line":141,"column":5}}},"8":{"name":"(anonymous_9)","decl":{"start":{"line":144,"column":28},"end":{"line":144,"column":31}},"loc":{"start":{"line":144,"column":33},"end":{"line":146,"column":5}}},"9":{"name":"(anonymous_10)","decl":{"start":{"line":149,"column":23},"end":{"line":149,"column":24}},"loc":{"start":{"line":149,"column":38},"end":{"line":151,"column":5}}},"10":{"name":"(anonymous_11)","decl":{"start":{"line":155,"column":27},"end":{"line":155,"column":32}},"loc":{"start":{"line":155,"column":52},"end":{"line":165,"column":5}}},"11":{"name":"(anonymous_12)","decl":{"start":{"line":168,"column":28},"end":{"line":168,"column":29}},"loc":{"start":{"line":168,"column":47},"end":{"line":178,"column":5}}},"12":{"name":"(anonymous_13)","decl":{"start":{"line":183,"column":6},"end":{"line":183,"column":11}},"loc":{"start":{"line":183,"column":58},"end":{"line":231,"column":7}}}},"branchMap":{"0":{"loc":{"start":{"line":27,"column":4},"end":{"line":29,"column":5}},"type":"if","locations":[{"start":{"line":27,"column":4},"end":{"line":29,"column":5}},{"start":{},"end":{}}]},"1":{"loc":{"start":{"line":30,"column":4},"end":{"line":32,"column":5}},"type":"if","locations":[{"start":{"line":30,"column":4},"end":{"line":32,"column":5}},{"start":{},"end":{}}]},"2":{"loc":{"start":{"line":35,"column":40},"end":{"line":35,"column":71}},"type":"binary-expr","locations":[{"start":{"line":35,"column":40},"end":{"line":35,"column":58}},{"start":{"line":35,"column":62},"end":{"line":35,"column":71}}]},"3":{"loc":{"start":{"line":39,"column":6},"end":{"line":41,"column":7}},"type":"if","locations":[{"start":{"line":39,"column":6},"end":{"line":41,"column":7}},{"start":{},"end":{}}]},"4":{"loc":{"start":{"line":57,"column":4},"end":{"line":60,"column":5}},"type":"if","locations":[{"start":{"line":57,"column":4},"end":{"line":60,"column":5}},{"start":{},"end":{}}]},"5":{"loc":{"start":{"line":127,"column":14},"end":{"line":127,"column":28}},"type":"binary-expr","locations":[{"start":{"line":127,"column":14},"end":{"line":127,"column":18}},{"start":{"line":127,"column":22},"end":{"line":127,"column":28}}]},"6":{"loc":{"start":{"line":187,"column":10},"end":{"line":190,"column":11}},"type":"if","locations":[{"start":{"line":187,"column":10},"end":{"line":190,"column":11}},{"start":{},"end":{}}]},"7":{"loc":{"start":{"line":193,"column":10},"end":{"line":204,"column":11}},"type":"if","locations":[{"start":{"line":193,"column":10},"end":{"line":204,"column":11}},{"start":{},"end":{}}]},"8":{"loc":{"start":{"line":194,"column":12},"end":{"line":203,"column":13}},"type":"if","locations":[{"start":{"line":194,"column":12},"end":{"line":203,"column":13}},{"start":{},"end":{}}]},"9":{"loc":{"start":{"line":195,"column":14},"end":{"line":196,"column":69}},"type":"binary-expr","locations":[{"start":{"line":195,"column":14},"end":{"line":195,"column":30}},{"start":{"line":196,"column":14},"end":{"line":196,"column":69}}]}},"s":{"0":0,"1":0,"2":0,"3":0,"4":0,"5":0,"6":0,"7":0,"8":0,"9":0,"10":0,"11":0,"12":0,"13":0,"14":0,"15":0,"16":0,"17":0,"18":0,"19":0,"20":0,"21":0,"22":0,"23":0,"24":0,"25":0,"26":0,"27":0,"28":0,"29":0,"30":0,"31":0,"32":0,"33":0,"34":0,"35":0,"36":0,"37":0,"38":0,"39":0,"40":0,"41":0,"42":0,"43":0,"44":0,"45":0,"46":0,"47":0,"48":0,"49":0,"50":0,"51":0,"52":0,"53":0,"54":0,"55":0,"56":0,"57":0,"58":0,"59":0,"60":0,"61":0,"62":0,"63":0,"64":0,"65":0,"66":0,"67":0,"68":0,"69":0,"70":0,"71":0,"72":0,"73":0,"74":0,"75":0,"76":0,"77":0,"78":0,"79":0,"80":0,"81":0,"82":0,"83":0,"84":0,"85":0},"f":{"0":0,"1":0,"2":0,"3":0,"4":0,"5":0,"6":0,"7":0,"8":0,"9":0,"10":0,"11":0,"12":0},"b":{"0":[0,0],"1":[0,0],"2":[0,0],"3":[0,0],"4":[0,0],"5":[0,0],"6":[0,0],"7":[0,0],"8":[0,0],"9":[0,0]}}
,"/Users/nhatle/Documents/vtmp/dine-with-locals/server/src/controllers/AuthController.ts": {"path":"/Users/nhatle/Documents/vtmp/dine-with-locals/server/src/controllers/AuthController.ts","statementMap":{"0":{"start":{"line":1,"column":0},"end":{"line":1,"column":42}},"1":{"start":{"line":3,"column":0},"end":{"line":3,"column":31}},"2":{"start":{"line":4,"column":0},"end":{"line":4,"column":28}},"3":{"start":{"line":5,"column":0},"end":{"line":5,"column":28}},"4":{"start":{"line":6,"column":0},"end":{"line":6,"column":45}},"5":{"start":{"line":7,"column":0},"end":{"line":7,"column":51}},"6":{"start":{"line":8,"column":0},"end":{"line":8,"column":16}},"7":{"start":{"line":16,"column":20},"end":{"line":18,"column":1}},"8":{"start":{"line":17,"column":2},"end":{"line":17,"column":69}},"9":{"start":{"line":25,"column":34},"end":{"line":60,"column":1}},"10":{"start":{"line":26,"column":2},"end":{"line":26,"column":57}},"11":{"start":{"line":28,"column":25},"end":{"line":28,"column":33}},"12":{"start":{"line":30,"column":17},"end":{"line":30,"column":68}},"13":{"start":{"line":33,"column":17},"end":{"line":36,"column":4}},"14":{"start":{"line":37,"column":18},"end":{"line":37,"column":37}},"15":{"start":{"line":38,"column":19},"end":{"line":38,"column":60}},"16":{"start":{"line":40,"column":17},"end":{"line":40,"column":54}},"17":{"start":{"line":43,"column":2},"end":{"line":52,"column":3}},"18":{"start":{"line":44,"column":4},"end":{"line":51,"column":7}},"19":{"start":{"line":53,"column":2},"end":{"line":59,"column":3}},"20":{"start":{"line":55,"column":18},"end":{"line":55,"column":54}},"21":{"start":{"line":56,"column":4},"end":{"line":56,"column":72}},"22":{"start":{"line":58,"column":4},"end":{"line":58,"column":51}},"23":{"start":{"line":25,"column":13},"end":{"line":25,"column":34}},"24":{"start":{"line":72,"column":25},"end":{"line":97,"column":1}},"25":{"start":{"line":73,"column":33},"end":{"line":73,"column":41}},"26":{"start":{"line":75,"column":2},"end":{"line":77,"column":3}},"27":{"start":{"line":76,"column":4},"end":{"line":76,"column":49}},"28":{"start":{"line":79,"column":21},"end":{"line":79,"column":58}},"29":{"start":{"line":81,"column":2},"end":{"line":83,"column":3}},"30":{"start":{"line":82,"column":4},"end":{"line":82,"column":42}},"31":{"start":{"line":85,"column":16},"end":{"line":85,"column":67}},"32":{"start":{"line":86,"column":2},"end":{"line":88,"column":3}},"33":{"start":{"line":87,"column":4},"end":{"line":87,"column":38}},"34":{"start":{"line":90,"column":2},"end":{"line":96,"column":3}},"35":{"start":{"line":92,"column":18},"end":{"line":92,"column":56}},"36":{"start":{"line":93,"column":4},"end":{"line":93,"column":72}},"37":{"start":{"line":95,"column":4},"end":{"line":95,"column":51}},"38":{"start":{"line":72,"column":13},"end":{"line":72,"column":25}},"39":{"start":{"line":109,"column":26},"end":{"line":152,"column":1}},"40":{"start":{"line":110,"column":2},"end":{"line":151,"column":3}},"41":{"start":{"line":121,"column":8},"end":{"line":121,"column":16}},"42":{"start":{"line":123,"column":21},"end":{"line":123,"column":58}},"43":{"start":{"line":124,"column":4},"end":{"line":126,"column":5}},"44":{"start":{"line":125,"column":6},"end":{"line":125,"column":49}},"45":{"start":{"line":129,"column":17},"end":{"line":129,"column":43}},"46":{"start":{"line":131,"column":17},"end":{"line":131,"column":50}},"47":{"start":{"line":133,"column":17},"end":{"line":143,"column":6}},"48":{"start":{"line":144,"column":18},"end":{"line":144,"column":50}},"49":{"start":{"line":146,"column":4},"end":{"line":146,"column":81}},"50":{"start":{"line":149,"column":4},"end":{"line":149,"column":57}},"51":{"start":{"line":150,"column":4},"end":{"line":150,"column":51}},"52":{"start":{"line":109,"column":13},"end":{"line":109,"column":26}}},"fnMap":{"0":{"name":"(anonymous_1)","decl":{"start":{"line":16,"column":20},"end":{"line":16,"column":21}},"loc":{"start":{"line":16,"column":44},"end":{"line":18,"column":1}}},"1":{"name":"(anonymous_2)","decl":{"start":{"line":25,"column":34},"end":{"line":25,"column":39}},"loc":{"start":{"line":25,"column":72},"end":{"line":60,"column":1}}},"2":{"name":"(anonymous_3)","decl":{"start":{"line":72,"column":25},"end":{"line":72,"column":30}},"loc":{"start":{"line":72,"column":63},"end":{"line":97,"column":1}}},"3":{"name":"(anonymous_4)","decl":{"start":{"line":109,"column":26},"end":{"line":109,"column":31}},"loc":{"start":{"line":109,"column":64},"end":{"line":152,"column":1}}}},"branchMap":{"0":{"loc":{"start":{"line":43,"column":2},"end":{"line":52,"column":3}},"type":"if","locations":[{"start":{"line":43,"column":2},"end":{"line":52,"column":3}},{"start":{},"end":{}}]},"1":{"loc":{"start":{"line":75,"column":2},"end":{"line":77,"column":3}},"type":"if","locations":[{"start":{"line":75,"column":2},"end":{"line":77,"column":3}},{"start":{},"end":{}}]},"2":{"loc":{"start":{"line":75,"column":6},"end":{"line":75,"column":28}},"type":"binary-expr","locations":[{"start":{"line":75,"column":6},"end":{"line":75,"column":15}},{"start":{"line":75,"column":19},"end":{"line":75,"column":28}}]},"3":{"loc":{"start":{"line":81,"column":2},"end":{"line":83,"column":3}},"type":"if","locations":[{"start":{"line":81,"column":2},"end":{"line":83,"column":3}},{"start":{},"end":{}}]},"4":{"loc":{"start":{"line":86,"column":2},"end":{"line":88,"column":3}},"type":"if","locations":[{"start":{"line":86,"column":2},"end":{"line":88,"column":3}},{"start":{},"end":{}}]},"5":{"loc":{"start":{"line":124,"column":4},"end":{"line":126,"column":5}},"type":"if","locations":[{"start":{"line":124,"column":4},"end":{"line":126,"column":5}},{"start":{},"end":{}}]}},"s":{"0":1,"1":1,"2":1,"3":1,"4":1,"5":1,"6":1,"7":1,"8":10,"9":1,"10":1,"11":1,"12":1,"13":1,"14":0,"15":0,"16":0,"17":0,"18":0,"19":0,"20":0,"21":0,"22":0,"23":1,"24":1,"25":11,"26":11,"27":7,"28":4,"29":4,"30":1,"31":3,"32":3,"33":1,"34":2,"35":2,"36":2,"37":0,"38":1,"39":1,"40":14,"41":14,"42":14,"43":14,"44":1,"45":13,"46":13,"47":13,"48":8,"49":8,"50":6,"51":6,"52":1},"f":{"0":10,"1":1,"2":11,"3":14},"b":{"0":[0,0],"1":[7,4],"2":[11,5],"3":[1,3],"4":[1,2],"5":[1,13]}}
,"/Users/nhatle/Documents/vtmp/dine-with-locals/server/src/controllers/BlogController.ts": {"path":"/Users/nhatle/Documents/vtmp/dine-with-locals/server/src/controllers/BlogController.ts","statementMap":{"0":{"start":{"line":2,"column":0},"end":{"line":2,"column":37}},"1":{"start":{"line":3,"column":0},"end":{"line":3,"column":32}},"2":{"start":{"line":6,"column":43},"end":{"line":21,"column":1}},"3":{"start":{"line":10,"column":2},"end":{"line":20,"column":3}},"4":{"start":{"line":11,"column":18},"end":{"line":14,"column":30}},"5":{"start":{"line":16,"column":4},"end":{"line":16,"column":32}},"6":{"start":{"line":18,"column":4},"end":{"line":18,"column":50}},"7":{"start":{"line":19,"column":4},"end":{"line":19,"column":61}},"8":{"start":{"line":6,"column":13},"end":{"line":6,"column":43}},"9":{"start":{"line":24,"column":48},"end":{"line":47,"column":1}},"10":{"start":{"line":28,"column":2},"end":{"line":46,"column":3}},"11":{"start":{"line":29,"column":23},"end":{"line":29,"column":33}},"12":{"start":{"line":32,"column":4},"end":{"line":35,"column":5}},"13":{"start":{"line":33,"column":6},"end":{"line":33,"column":64}},"14":{"start":{"line":34,"column":6},"end":{"line":34,"column":13}},"15":{"start":{"line":37,"column":18},"end":{"line":40,"column":30}},"16":{"start":{"line":42,"column":4},"end":{"line":42,"column":32}},"17":{"start":{"line":44,"column":4},"end":{"line":44,"column":55}},"18":{"start":{"line":45,"column":4},"end":{"line":45,"column":66}},"19":{"start":{"line":24,"column":13},"end":{"line":24,"column":48}},"20":{"start":{"line":50,"column":42},"end":{"line":105,"column":1}},"21":{"start":{"line":54,"column":2},"end":{"line":104,"column":3}},"22":{"start":{"line":55,"column":66},"end":{"line":55,"column":74}},"23":{"start":{"line":57,"column":4},"end":{"line":57,"column":54}},"24":{"start":{"line":60,"column":4},"end":{"line":65,"column":5}},"25":{"start":{"line":61,"column":6},"end":{"line":63,"column":76}},"26":{"start":{"line":64,"column":6},"end":{"line":64,"column":13}},"27":{"start":{"line":68,"column":4},"end":{"line":71,"column":5}},"28":{"start":{"line":69,"column":6},"end":{"line":69,"column":64}},"29":{"start":{"line":70,"column":6},"end":{"line":70,"column":13}},"30":{"start":{"line":74,"column":4},"end":{"line":77,"column":5}},"31":{"start":{"line":75,"column":6},"end":{"line":75,"column":67}},"32":{"start":{"line":76,"column":6},"end":{"line":76,"column":13}},"33":{"start":{"line":79,"column":20},"end":{"line":85,"column":6}},"34":{"start":{"line":87,"column":4},"end":{"line":87,"column":25}},"35":{"start":{"line":90,"column":26},"end":{"line":92,"column":null}},"36":{"start":{"line":95,"column":4},"end":{"line":98,"column":5}},"37":{"start":{"line":96,"column":6},"end":{"line":96,"column":73}},"38":{"start":{"line":97,"column":6},"end":{"line":97,"column":13}},"39":{"start":{"line":100,"column":4},"end":{"line":100,"column":40}},"40":{"start":{"line":102,"column":4},"end":{"line":102,"column":49}},"41":{"start":{"line":103,"column":4},"end":{"line":103,"column":61}},"42":{"start":{"line":50,"column":13},"end":{"line":50,"column":42}},"43":{"start":{"line":108,"column":42},"end":{"line":170,"column":1}},"44":{"start":{"line":112,"column":2},"end":{"line":169,"column":3}},"45":{"start":{"line":113,"column":19},"end":{"line":113,"column":29}},"46":{"start":{"line":114,"column":58},"end":{"line":114,"column":66}},"47":{"start":{"line":117,"column":4},"end":{"line":120,"column":5}},"48":{"start":{"line":118,"column":6},"end":{"line":118,"column":64}},"49":{"start":{"line":119,"column":6},"end":{"line":119,"column":13}},"50":{"start":{"line":123,"column":4},"end":{"line":129,"column":5}},"51":{"start":{"line":124,"column":6},"end":{"line":127,"column":9}},"52":{"start":{"line":128,"column":6},"end":{"line":128,"column":13}},"53":{"start":{"line":132,"column":4},"end":{"line":139,"column":5}},"54":{"start":{"line":137,"column":6},"end":{"line":137,"column":67}},"55":{"start":{"line":138,"column":6},"end":{"line":138,"column":13}},"56":{"start":{"line":142,"column":17},"end":{"line":142,"column":40}},"57":{"start":{"line":143,"column":4},"end":{"line":146,"column":5}},"58":{"start":{"line":144,"column":6},"end":{"line":144,"column":56}},"59":{"start":{"line":145,"column":6},"end":{"line":145,"column":13}},"60":{"start":{"line":149,"column":28},"end":{"line":149,"column":30}},"61":{"start":{"line":150,"column":4},"end":{"line":150,"column":52}},"62":{"start":{"line":150,"column":19},"end":{"line":150,"column":52}},"63":{"start":{"line":151,"column":4},"end":{"line":151,"column":58}},"64":{"start":{"line":151,"column":21},"end":{"line":151,"column":58}},"65":{"start":{"line":152,"column":4},"end":{"line":152,"column":43}},"66":{"start":{"line":152,"column":16},"end":{"line":152,"column":43}},"67":{"start":{"line":153,"column":4},"end":{"line":153,"column":74}},"68":{"start":{"line":153,"column":33},"end":{"line":153,"column":74}},"69":{"start":{"line":156,"column":24},"end":{"line":158,"column":63}},"70":{"start":{"line":160,"column":4},"end":{"line":163,"column":5}},"71":{"start":{"line":161,"column":6},"end":{"line":161,"column":69}},"72":{"start":{"line":162,"column":6},"end":{"line":162,"column":13}},"73":{"start":{"line":165,"column":4},"end":{"line":165,"column":38}},"74":{"start":{"line":167,"column":4},"end":{"line":167,"column":49}},"75":{"start":{"line":168,"column":4},"end":{"line":168,"column":61}},"76":{"start":{"line":108,"column":13},"end":{"line":108,"column":42}},"77":{"start":{"line":173,"column":42},"end":{"line":201,"column":1}},"78":{"start":{"line":177,"column":2},"end":{"line":200,"column":3}},"79":{"start":{"line":178,"column":19},"end":{"line":178,"column":29}},"80":{"start":{"line":181,"column":4},"end":{"line":184,"column":5}},"81":{"start":{"line":182,"column":6},"end":{"line":182,"column":64}},"82":{"start":{"line":183,"column":6},"end":{"line":183,"column":13}},"83":{"start":{"line":187,"column":17},"end":{"line":187,"column":40}},"84":{"start":{"line":188,"column":4},"end":{"line":191,"column":5}},"85":{"start":{"line":189,"column":6},"end":{"line":189,"column":56}},"86":{"start":{"line":190,"column":6},"end":{"line":190,"column":13}},"87":{"start":{"line":194,"column":4},"end":{"line":194,"column":37}},"88":{"start":{"line":196,"column":4},"end":{"line":196,"column":67}},"89":{"start":{"line":198,"column":4},"end":{"line":198,"column":49}},"90":{"start":{"line":199,"column":4},"end":{"line":199,"column":61}},"91":{"start":{"line":173,"column":13},"end":{"line":173,"column":42}},"92":{"start":{"line":204,"column":43},"end":{"line":229,"column":1}},"93":{"start":{"line":208,"column":2},"end":{"line":228,"column":3}},"94":{"start":{"line":209,"column":19},"end":{"line":209,"column":29}},"95":{"start":{"line":212,"column":4},"end":{"line":214,"column":5}},"96":{"start":{"line":213,"column":6},"end":{"line":213,"column":64}},"97":{"start":{"line":216,"column":17},"end":{"line":218,"column":28}},"98":{"start":{"line":220,"column":4},"end":{"line":222,"column":5}},"99":{"start":{"line":221,"column":6},"end":{"line":221,"column":56}},"100":{"start":{"line":224,"column":4},"end":{"line":224,"column":31}},"101":{"start":{"line":226,"column":4},"end":{"line":226,"column":49}},"102":{"start":{"line":227,"column":4},"end":{"line":227,"column":60}},"103":{"start":{"line":204,"column":13},"end":{"line":204,"column":43}}},"fnMap":{"0":{"name":"(anonymous_1)","decl":{"start":{"line":6,"column":43},"end":{"line":6,"column":48}},"loc":{"start":{"line":9,"column":4},"end":{"line":21,"column":1}}},"1":{"name":"(anonymous_2)","decl":{"start":{"line":24,"column":48},"end":{"line":24,"column":53}},"loc":{"start":{"line":27,"column":4},"end":{"line":47,"column":1}}},"2":{"name":"(anonymous_3)","decl":{"start":{"line":50,"column":42},"end":{"line":50,"column":47}},"loc":{"start":{"line":53,"column":4},"end":{"line":105,"column":1}}},"3":{"name":"(anonymous_4)","decl":{"start":{"line":108,"column":42},"end":{"line":108,"column":47}},"loc":{"start":{"line":111,"column":4},"end":{"line":170,"column":1}}},"4":{"name":"(anonymous_5)","decl":{"start":{"line":173,"column":42},"end":{"line":173,"column":47}},"loc":{"start":{"line":176,"column":4},"end":{"line":201,"column":1}}},"5":{"name":"(anonymous_6)","decl":{"start":{"line":204,"column":43},"end":{"line":204,"column":48}},"loc":{"start":{"line":207,"column":4},"end":{"line":229,"column":1}}}},"branchMap":{"0":{"loc":{"start":{"line":32,"column":4},"end":{"line":35,"column":5}},"type":"if","locations":[{"start":{"line":32,"column":4},"end":{"line":35,"column":5}},{"start":{},"end":{}}]},"1":{"loc":{"start":{"line":60,"column":4},"end":{"line":65,"column":5}},"type":"if","locations":[{"start":{"line":60,"column":4},"end":{"line":65,"column":5}},{"start":{},"end":{}}]},"2":{"loc":{"start":{"line":60,"column":8},"end":{"line":60,"column":45}},"type":"binary-expr","locations":[{"start":{"line":60,"column":8},"end":{"line":60,"column":15}},{"start":{"line":60,"column":19},"end":{"line":60,"column":29}},{"start":{"line":60,"column":33},"end":{"line":60,"column":45}}]},"3":{"loc":{"start":{"line":68,"column":4},"end":{"line":71,"column":5}},"type":"if","locations":[{"start":{"line":68,"column":4},"end":{"line":71,"column":5}},{"start":{},"end":{}}]},"4":{"loc":{"start":{"line":74,"column":4},"end":{"line":77,"column":5}},"type":"if","locations":[{"start":{"line":74,"column":4},"end":{"line":77,"column":5}},{"start":{},"end":{}}]},"5":{"loc":{"start":{"line":74,"column":8},"end":{"line":74,"column":64}},"type":"binary-expr","locations":[{"start":{"line":74,"column":8},"end":{"line":74,"column":17}},{"start":{"line":74,"column":21},"end":{"line":74,"column":64}}]},"6":{"loc":{"start":{"line":83,"column":14},"end":{"line":83,"column":26}},"type":"binary-expr","locations":[{"start":{"line":83,"column":14},"end":{"line":83,"column":20}},{"start":{"line":83,"column":24},"end":{"line":83,"column":26}}]},"7":{"loc":{"start":{"line":84,"column":17},"end":{"line":84,"column":34}},"type":"binary-expr","locations":[{"start":{"line":84,"column":17},"end":{"line":84,"column":26}},{"start":{"line":84,"column":30},"end":{"line":84,"column":34}}]},"8":{"loc":{"start":{"line":95,"column":4},"end":{"line":98,"column":5}},"type":"if","locations":[{"start":{"line":95,"column":4},"end":{"line":98,"column":5}},{"start":{},"end":{}}]},"9":{"loc":{"start":{"line":117,"column":4},"end":{"line":120,"column":5}},"type":"if","locations":[{"start":{"line":117,"column":4},"end":{"line":120,"column":5}},{"start":{},"end":{}}]},"10":{"loc":{"start":{"line":123,"column":4},"end":{"line":129,"column":5}},"type":"if","locations":[{"start":{"line":123,"column":4},"end":{"line":129,"column":5}},{"start":{},"end":{}}]},"11":{"loc":{"start":{"line":123,"column":8},"end":{"line":123,"column":72}},"type":"binary-expr","locations":[{"start":{"line":123,"column":8},"end":{"line":123,"column":18}},{"start":{"line":123,"column":22},"end":{"line":123,"column":34}},{"start":{"line":123,"column":38},"end":{"line":123,"column":45}},{"start":{"line":123,"column":49},"end":{"line":123,"column":72}}]},"12":{"loc":{"start":{"line":132,"column":4},"end":{"line":139,"column":5}},"type":"if","locations":[{"start":{"line":132,"column":4},"end":{"line":139,"column":5}},{"start":{},"end":{}}]},"13":{"loc":{"start":{"line":133,"column":6},"end":{"line":135,"column":49}},"type":"binary-expr","locations":[{"start":{"line":133,"column":6},"end":{"line":133,"column":29}},{"start":{"line":134,"column":6},"end":{"line":134,"column":24}},{"start":{"line":135,"column":6},"end":{"line":135,"column":49}}]},"14":{"loc":{"start":{"line":143,"column":4},"end":{"line":146,"column":5}},"type":"if","locations":[{"start":{"line":143,"column":4},"end":{"line":146,"column":5}},{"start":{},"end":{}}]},"15":{"loc":{"start":{"line":150,"column":4},"end":{"line":150,"column":52}},"type":"if","locations":[{"start":{"line":150,"column":4},"end":{"line":150,"column":52}},{"start":{},"end":{}}]},"16":{"loc":{"start":{"line":151,"column":4},"end":{"line":151,"column":58}},"type":"if","locations":[{"start":{"line":151,"column":4},"end":{"line":151,"column":58}},{"start":{},"end":{}}]},"17":{"loc":{"start":{"line":152,"column":4},"end":{"line":152,"column":43}},"type":"if","locations":[{"start":{"line":152,"column":4},"end":{"line":152,"column":43}},{"start":{},"end":{}}]},"18":{"loc":{"start":{"line":153,"column":4},"end":{"line":153,"column":74}},"type":"if","locations":[{"start":{"line":153,"column":4},"end":{"line":153,"column":74}},{"start":{},"end":{}}]},"19":{"loc":{"start":{"line":153,"column":56},"end":{"line":153,"column":73}},"type":"binary-expr","locations":[{"start":{"line":153,"column":56},"end":{"line":153,"column":65}},{"start":{"line":153,"column":69},"end":{"line":153,"column":73}}]},"20":{"loc":{"start":{"line":160,"column":4},"end":{"line":163,"column":5}},"type":"if","locations":[{"start":{"line":160,"column":4},"end":{"line":163,"column":5}},{"start":{},"end":{}}]},"21":{"loc":{"start":{"line":181,"column":4},"end":{"line":184,"column":5}},"type":"if","locations":[{"start":{"line":181,"column":4},"end":{"line":184,"column":5}},{"start":{},"end":{}}]},"22":{"loc":{"start":{"line":188,"column":4},"end":{"line":191,"column":5}},"type":"if","locations":[{"start":{"line":188,"column":4},"end":{"line":191,"column":5}},{"start":{},"end":{}}]},"23":{"loc":{"start":{"line":212,"column":4},"end":{"line":214,"column":5}},"type":"if","locations":[{"start":{"line":212,"column":4},"end":{"line":214,"column":5}},{"start":{},"end":{}}]},"24":{"loc":{"start":{"line":220,"column":4},"end":{"line":222,"column":5}},"type":"if","locations":[{"start":{"line":220,"column":4},"end":{"line":222,"column":5}},{"start":{},"end":{}}]}},"s":{"0":0,"1":0,"2":0,"3":0,"4":0,"5":0,"6":0,"7":0,"8":0,"9":0,"10":0,"11":0,"12":0,"13":0,"14":0,"15":0,"16":0,"17":0,"18":0,"19":0,"20":0,"21":0,"22":0,"23":0,"24":0,"25":0,"26":0,"27":0,"28":0,"29":0,"30":0,"31":0,"32":0,"33":0,"34":0,"35":0,"36":0,"37":0,"38":0,"39":0,"40":0,"41":0,"42":0,"43":0,"44":0,"45":0,"46":0,"47":0,"48":0,"49":0,"50":0,"51":0,"52":0,"53":0,"54":0,"55":0,"56":0,"57":0,"58":0,"59":0,"60":0,"61":0,"62":0,"63":0,"64":0,"65":0,"66":0,"67":0,"68":0,"69":0,"70":0,"71":0,"72":0,"73":0,"74":0,"75":0,"76":0,"77":0,"78":0,"79":0,"80":0,"81":0,"82":0,"83":0,"84":0,"85":0,"86":0,"87":0,"88":0,"89":0,"90":0,"91":0,"92":0,"93":0,"94":0,"95":0,"96":0,"97":0,"98":0,"99":0,"100":0,"101":0,"102":0,"103":0},"f":{"0":0,"1":0,"2":0,"3":0,"4":0,"5":0},"b":{"0":[0,0],"1":[0,0],"2":[0,0,0],"3":[0,0],"4":[0,0],"5":[0,0],"6":[0,0],"7":[0,0],"8":[0,0],"9":[0,0],"10":[0,0],"11":[0,0,0,0],"12":[0,0],"13":[0,0,0],"14":[0,0],"15":[0,0],"16":[0,0],"17":[0,0],"18":[0,0],"19":[0,0],"20":[0,0],"21":[0,0],"22":[0,0],"23":[0,0],"24":[0,0]}}
,"/Users/nhatle/Documents/vtmp/dine-with-locals/server/src/controllers/BlogControllers.ts": {"path":"/Users/nhatle/Documents/vtmp/dine-with-locals/server/src/controllers/BlogControllers.ts","statementMap":{"0":{"start":{"line":2,"column":0},"end":{"line":2,"column":37}},"1":{"start":{"line":4,"column":0},"end":{"line":4,"column":32}},"2":{"start":{"line":7,"column":43},"end":{"line":21,"column":1}},"3":{"start":{"line":11,"column":2},"end":{"line":20,"column":3}},"4":{"start":{"line":12,"column":18},"end":{"line":14,"column":null}},"5":{"start":{"line":16,"column":4},"end":{"line":16,"column":32}},"6":{"start":{"line":18,"column":4},"end":{"line":18,"column":50}},"7":{"start":{"line":19,"column":4},"end":{"line":19,"column":61}},"8":{"start":{"line":7,"column":13},"end":{"line":7,"column":43}},"9":{"start":{"line":24,"column":48},"end":{"line":51,"column":1}},"10":{"start":{"line":28,"column":2},"end":{"line":50,"column":3}},"11":{"start":{"line":29,"column":23},"end":{"line":29,"column":33}},"12":{"start":{"line":32,"column":4},"end":{"line":35,"column":5}},"13":{"start":{"line":33,"column":6},"end":{"line":33,"column":64}},"14":{"start":{"line":34,"column":6},"end":{"line":34,"column":13}},"15":{"start":{"line":37,"column":18},"end":{"line":39,"column":30}},"16":{"start":{"line":41,"column":4},"end":{"line":41,"column":32}},"17":{"start":{"line":43,"column":4},"end":{"line":43,"column":55}},"18":{"start":{"line":46,"column":4},"end":{"line":49,"column":7}},"19":{"start":{"line":24,"column":13},"end":{"line":24,"column":48}},"20":{"start":{"line":54,"column":43},"end":{"line":82,"column":1}},"21":{"start":{"line":58,"column":2},"end":{"line":81,"column":3}},"22":{"start":{"line":59,"column":19},"end":{"line":59,"column":29}},"23":{"start":{"line":62,"column":4},"end":{"line":65,"column":5}},"24":{"start":{"line":63,"column":6},"end":{"line":63,"column":64}},"25":{"start":{"line":64,"column":6},"end":{"line":64,"column":13}},"26":{"start":{"line":67,"column":17},"end":{"line":69,"column":null}},"27":{"start":{"line":72,"column":4},"end":{"line":75,"column":5}},"28":{"start":{"line":73,"column":6},"end":{"line":73,"column":56}},"29":{"start":{"line":74,"column":6},"end":{"line":74,"column":13}},"30":{"start":{"line":77,"column":4},"end":{"line":77,"column":31}},"31":{"start":{"line":79,"column":4},"end":{"line":79,"column":49}},"32":{"start":{"line":80,"column":4},"end":{"line":80,"column":60}},"33":{"start":{"line":54,"column":13},"end":{"line":54,"column":43}}},"fnMap":{"0":{"name":"(anonymous_1)","decl":{"start":{"line":7,"column":43},"end":{"line":7,"column":48}},"loc":{"start":{"line":10,"column":4},"end":{"line":21,"column":1}}},"1":{"name":"(anonymous_2)","decl":{"start":{"line":24,"column":48},"end":{"line":24,"column":53}},"loc":{"start":{"line":27,"column":4},"end":{"line":51,"column":1}}},"2":{"name":"(anonymous_3)","decl":{"start":{"line":54,"column":43},"end":{"line":54,"column":48}},"loc":{"start":{"line":57,"column":4},"end":{"line":82,"column":1}}}},"branchMap":{"0":{"loc":{"start":{"line":32,"column":4},"end":{"line":35,"column":5}},"type":"if","locations":[{"start":{"line":32,"column":4},"end":{"line":35,"column":5}},{"start":{},"end":{}}]},"1":{"loc":{"start":{"line":48,"column":15},"end":{"line":48,"column":71}},"type":"cond-expr","locations":[{"start":{"line":48,"column":40},"end":{"line":48,"column":53}},{"start":{"line":48,"column":56},"end":{"line":48,"column":71}}]},"2":{"loc":{"start":{"line":62,"column":4},"end":{"line":65,"column":5}},"type":"if","locations":[{"start":{"line":62,"column":4},"end":{"line":65,"column":5}},{"start":{},"end":{}}]},"3":{"loc":{"start":{"line":72,"column":4},"end":{"line":75,"column":5}},"type":"if","locations":[{"start":{"line":72,"column":4},"end":{"line":75,"column":5}},{"start":{},"end":{}}]}},"s":{"0":0,"1":0,"2":0,"3":0,"4":0,"5":0,"6":0,"7":0,"8":0,"9":0,"10":0,"11":0,"12":0,"13":0,"14":0,"15":0,"16":0,"17":0,"18":0,"19":0,"20":0,"21":0,"22":0,"23":0,"24":0,"25":0,"26":0,"27":0,"28":0,"29":0,"30":0,"31":0,"32":0,"33":0},"f":{"0":0,"1":0,"2":0},"b":{"0":[0,0],"1":[0,0],"2":[0,0],"3":[0,0]}}
,"/Users/nhatle/Documents/vtmp/dine-with-locals/server/src/controllers/ChatControllers.ts": {"path":"/Users/nhatle/Documents/vtmp/dine-with-locals/server/src/controllers/ChatControllers.ts","statementMap":{"0":{"start":{"line":2,"column":0},"end":{"line":2,"column":37}},"1":{"start":{"line":4,"column":0},"end":{"line":4,"column":49}},"2":{"start":{"line":6,"column":0},"end":{"line":6,"column":39}},"3":{"start":{"line":7,"column":0},"end":{"line":7,"column":43}},"4":{"start":{"line":13,"column":13},"end":{"line":105,"column":2}},"5":{"start":{"line":15,"column":34},"end":{"line":15,"column":42}},"6":{"start":{"line":16,"column":4},"end":{"line":21,"column":6}},"7":{"start":{"line":22,"column":24},"end":{"line":22,"column":32}},"8":{"start":{"line":23,"column":4},"end":{"line":27,"column":5}},"9":{"start":{"line":24,"column":6},"end":{"line":24,"column":50}},"10":{"start":{"line":25,"column":6},"end":{"line":25,"column":26}},"11":{"start":{"line":26,"column":6},"end":{"line":26,"column":13}},"12":{"start":{"line":29,"column":4},"end":{"line":33,"column":5}},"13":{"start":{"line":30,"column":6},"end":{"line":30,"column":47}},"14":{"start":{"line":31,"column":6},"end":{"line":31,"column":69}},"15":{"start":{"line":32,"column":6},"end":{"line":32,"column":13}},"16":{"start":{"line":36,"column":17},"end":{"line":64,"column":6}},"17":{"start":{"line":66,"column":4},"end":{"line":66,"column":43}},"18":{"start":{"line":68,"column":4},"end":{"line":103,"column":5}},"19":{"start":{"line":69,"column":6},"end":{"line":69,"column":26}},"20":{"start":{"line":72,"column":23},"end":{"line":77,"column":8}},"21":{"start":{"line":79,"column":6},"end":{"line":102,"column":7}},"22":{"start":{"line":80,"column":28},"end":{"line":80,"column":55}},"23":{"start":{"line":81,"column":25},"end":{"line":95,"column":10}},"24":{"start":{"line":96,"column":8},"end":{"line":96,"column":39}},"25":{"start":{"line":97,"column":8},"end":{"line":97,"column":60}},"26":{"start":{"line":99,"column":8},"end":{"line":99,"column":53}},"27":{"start":{"line":100,"column":8},"end":{"line":100,"column":67}},"28":{"start":{"line":101,"column":8},"end":{"line":101,"column":15}},"29":{"start":{"line":107,"column":13},"end":{"line":194,"column":2}},"30":{"start":{"line":109,"column":34},"end":{"line":109,"column":42}},"31":{"start":{"line":111,"column":4},"end":{"line":114,"column":5}},"32":{"start":{"line":112,"column":6},"end":{"line":112,"column":66}},"33":{"start":{"line":113,"column":6},"end":{"line":113,"column":13}},"34":{"start":{"line":116,"column":20},"end":{"line":116,"column":53}},"35":{"start":{"line":117,"column":4},"end":{"line":120,"column":5}},"36":{"start":{"line":118,"column":6},"end":{"line":118,"column":61}},"37":{"start":{"line":119,"column":6},"end":{"line":119,"column":13}},"38":{"start":{"line":121,"column":4},"end":{"line":126,"column":5}},"39":{"start":{"line":122,"column":6},"end":{"line":124,"column":9}},"40":{"start":{"line":125,"column":6},"end":{"line":125,"column":13}},"41":{"start":{"line":128,"column":20},"end":{"line":131,"column":6}},"42":{"start":{"line":132,"column":21},"end":{"line":132,"column":58}},"43":{"start":{"line":132,"column":44},"end":{"line":132,"column":57}},"44":{"start":{"line":134,"column":23},"end":{"line":134,"column":44}},"45":{"start":{"line":136,"column":20},"end":{"line":139,"column":6}},"46":{"start":{"line":141,"column":4},"end":{"line":192,"column":5}},"47":{"start":{"line":142,"column":6},"end":{"line":142,"column":35}},"48":{"start":{"line":143,"column":6},"end":{"line":143,"column":29}},"49":{"start":{"line":145,"column":23},"end":{"line":159,"column":8}},"50":{"start":{"line":160,"column":6},"end":{"line":160,"column":37}},"51":{"start":{"line":162,"column":23},"end":{"line":168,"column":8}},"52":{"start":{"line":170,"column":6},"end":{"line":191,"column":7}},"53":{"start":{"line":171,"column":28},"end":{"line":171,"column":55}},"54":{"start":{"line":172,"column":25},"end":{"line":186,"column":10}},"55":{"start":{"line":187,"column":8},"end":{"line":187,"column":39}},"56":{"start":{"line":189,"column":8},"end":{"line":189,"column":59}},"57":{"start":{"line":190,"column":8},"end":{"line":190,"column":67}},"58":{"start":{"line":196,"column":13},"end":{"line":236,"column":2}},"59":{"start":{"line":198,"column":24},"end":{"line":198,"column":32}},"60":{"start":{"line":199,"column":4},"end":{"line":234,"column":5}},"61":{"start":{"line":200,"column":18},"end":{"line":226,"column":32}},"62":{"start":{"line":229,"column":6},"end":{"line":229,"column":34}},"63":{"start":{"line":231,"column":6},"end":{"line":231,"column":52}},"64":{"start":{"line":232,"column":6},"end":{"line":232,"column":65}},"65":{"start":{"line":233,"column":6},"end":{"line":233,"column":13}},"66":{"start":{"line":238,"column":13},"end":{"line":262,"column":2}},"67":{"start":{"line":240,"column":23},"end":{"line":240,"column":33}},"68":{"start":{"line":241,"column":4},"end":{"line":260,"column":5}},"69":{"start":{"line":242,"column":19},"end":{"line":254,"column":8}},"70":{"start":{"line":255,"column":6},"end":{"line":255,"column":33}},"71":{"start":{"line":257,"column":6},"end":{"line":257,"column":56}},"72":{"start":{"line":258,"column":6},"end":{"line":258,"column":65}},"73":{"start":{"line":259,"column":6},"end":{"line":259,"column":13}}},"fnMap":{"0":{"name":"(anonymous_1)","decl":{"start":{"line":14,"column":2},"end":{"line":14,"column":7}},"loc":{"start":{"line":14,"column":44},"end":{"line":104,"column":3}}},"1":{"name":"(anonymous_2)","decl":{"start":{"line":108,"column":2},"end":{"line":108,"column":7}},"loc":{"start":{"line":108,"column":44},"end":{"line":193,"column":3}}},"2":{"name":"(anonymous_3)","decl":{"start":{"line":132,"column":33},"end":{"line":132,"column":34}},"loc":{"start":{"line":132,"column":44},"end":{"line":132,"column":57}}},"3":{"name":"(anonymous_4)","decl":{"start":{"line":197,"column":2},"end":{"line":197,"column":7}},"loc":{"start":{"line":197,"column":44},"end":{"line":235,"column":3}}},"4":{"name":"(anonymous_5)","decl":{"start":{"line":239,"column":2},"end":{"line":239,"column":7}},"loc":{"start":{"line":239,"column":44},"end":{"line":261,"column":3}}}},"branchMap":{"0":{"loc":{"start":{"line":23,"column":4},"end":{"line":27,"column":5}},"type":"if","locations":[{"start":{"line":23,"column":4},"end":{"line":27,"column":5}},{"start":{},"end":{}}]},"1":{"loc":{"start":{"line":29,"column":4},"end":{"line":33,"column":5}},"type":"if","locations":[{"start":{"line":29,"column":4},"end":{"line":33,"column":5}},{"start":{},"end":{}}]},"2":{"loc":{"start":{"line":68,"column":4},"end":{"line":103,"column":5}},"type":"if","locations":[{"start":{"line":68,"column":4},"end":{"line":103,"column":5}},{"start":{"line":70,"column":11},"end":{"line":103,"column":5}}]},"3":{"loc":{"start":{"line":111,"column":4},"end":{"line":114,"column":5}},"type":"if","locations":[{"start":{"line":111,"column":4},"end":{"line":114,"column":5}},{"start":{},"end":{}}]},"4":{"loc":{"start":{"line":117,"column":4},"end":{"line":120,"column":5}},"type":"if","locations":[{"start":{"line":117,"column":4},"end":{"line":120,"column":5}},{"start":{},"end":{}}]},"5":{"loc":{"start":{"line":121,"column":4},"end":{"line":126,"column":5}},"type":"if","locations":[{"start":{"line":121,"column":4},"end":{"line":126,"column":5}},{"start":{},"end":{}}]},"6":{"loc":{"start":{"line":141,"column":4},"end":{"line":192,"column":5}},"type":"if","locations":[{"start":{"line":141,"column":4},"end":{"line":192,"column":5}},{"start":{"line":161,"column":11},"end":{"line":192,"column":5}}]}},"s":{"0":0,"1":0,"2":0,"3":0,"4":0,"5":0,"6":0,"7":0,"8":0,"9":0,"10":0,"11":0,"12":0,"13":0,"14":0,"15":0,"16":0,"17":0,"18":0,"19":0,"20":0,"21":0,"22":0,"23":0,"24":0,"25":0,"26":0,"27":0,"28":0,"29":0,"30":0,"31":0,"32":0,"33":0,"34":0,"35":0,"36":0,"37":0,"38":0,"39":0,"40":0,"41":0,"42":0,"43":0,"44":0,"45":0,"46":0,"47":0,"48":0,"49":0,"50":0,"51":0,"52":0,"53":0,"54":0,"55":0,"56":0,"57":0,"58":0,"59":0,"60":0,"61":0,"62":0,"63":0,"64":0,"65":0,"66":0,"67":0,"68":0,"69":0,"70":0,"71":0,"72":0,"73":0},"f":{"0":0,"1":0,"2":0,"3":0,"4":0},"b":{"0":[0,0],"1":[0,0],"2":[0,0],"3":[0,0],"4":[0,0],"5":[0,0],"6":[0,0]}}
,"/Users/nhatle/Documents/vtmp/dine-with-locals/server/src/controllers/CommentController.ts": {"path":"/Users/nhatle/Documents/vtmp/dine-with-locals/server/src/controllers/CommentController.ts","statementMap":{"0":{"start":{"line":2,"column":0},"end":{"line":2,"column":43}},"1":{"start":{"line":3,"column":0},"end":{"line":3,"column":37}},"2":{"start":{"line":4,"column":0},"end":{"line":4,"column":53}},"3":{"start":{"line":5,"column":0},"end":{"line":5,"column":37}},"4":{"start":{"line":6,"column":0},"end":{"line":6,"column":32}},"5":{"start":{"line":9,"column":45},"end":{"line":105,"column":1}},"6":{"start":{"line":13,"column":2},"end":{"line":104,"column":3}},"7":{"start":{"line":14,"column":40},"end":{"line":14,"column":48}},"8":{"start":{"line":17,"column":4},"end":{"line":22,"column":5}},"9":{"start":{"line":18,"column":6},"end":{"line":20,"column":68}},"10":{"start":{"line":21,"column":6},"end":{"line":21,"column":13}},"11":{"start":{"line":25,"column":4},"end":{"line":31,"column":5}},"12":{"start":{"line":29,"column":6},"end":{"line":29,"column":73}},"13":{"start":{"line":30,"column":6},"end":{"line":30,"column":13}},"14":{"start":{"line":34,"column":17},"end":{"line":34,"column":94}},"15":{"start":{"line":35,"column":4},"end":{"line":38,"column":5}},"16":{"start":{"line":36,"column":6},"end":{"line":36,"column":56}},"17":{"start":{"line":37,"column":6},"end":{"line":37,"column":13}},"18":{"start":{"line":41,"column":22},"end":{"line":41,"column":87}},"19":{"start":{"line":42,"column":4},"end":{"line":45,"column":5}},"20":{"start":{"line":43,"column":6},"end":{"line":43,"column":56}},"21":{"start":{"line":44,"column":6},"end":{"line":44,"column":13}},"22":{"start":{"line":48,"column":23},"end":{"line":52,"column":6}},"23":{"start":{"line":54,"column":4},"end":{"line":54,"column":28}},"24":{"start":{"line":57,"column":4},"end":{"line":57,"column":68}},"25":{"start":{"line":60,"column":4},"end":{"line":92,"column":5}},"26":{"start":{"line":61,"column":27},"end":{"line":68,"column":8}},"27":{"start":{"line":70,"column":6},"end":{"line":70,"column":32}},"28":{"start":{"line":73,"column":17},"end":{"line":73,"column":34}},"29":{"start":{"line":74,"column":6},"end":{"line":91,"column":7}},"30":{"start":{"line":75,"column":38},"end":{"line":77,"column":42}},"31":{"start":{"line":79,"column":8},"end":{"line":90,"column":9}},"32":{"start":{"line":80,"column":10},"end":{"line":89,"column":13}},"33":{"start":{"line":95,"column":29},"end":{"line":97,"column":null}},"34":{"start":{"line":100,"column":4},"end":{"line":100,"column":43}},"35":{"start":{"line":102,"column":4},"end":{"line":102,"column":52}},"36":{"start":{"line":103,"column":4},"end":{"line":103,"column":64}},"37":{"start":{"line":9,"column":13},"end":{"line":9,"column":45}},"38":{"start":{"line":108,"column":51},"end":{"line":130,"column":1}},"39":{"start":{"line":112,"column":2},"end":{"line":129,"column":3}},"40":{"start":{"line":113,"column":23},"end":{"line":113,"column":33}},"41":{"start":{"line":116,"column":4},"end":{"line":118,"column":5}},"42":{"start":{"line":117,"column":6},"end":{"line":117,"column":64}},"43":{"start":{"line":121,"column":21},"end":{"line":123,"column":30}},"44":{"start":{"line":125,"column":4},"end":{"line":125,"column":35}},"45":{"start":{"line":127,"column":4},"end":{"line":127,"column":53}},"46":{"start":{"line":128,"column":4},"end":{"line":128,"column":64}},"47":{"start":{"line":108,"column":13},"end":{"line":108,"column":51}}},"fnMap":{"0":{"name":"(anonymous_1)","decl":{"start":{"line":9,"column":45},"end":{"line":9,"column":50}},"loc":{"start":{"line":12,"column":19},"end":{"line":105,"column":1}}},"1":{"name":"(anonymous_2)","decl":{"start":{"line":108,"column":51},"end":{"line":108,"column":56}},"loc":{"start":{"line":111,"column":19},"end":{"line":130,"column":1}}}},"branchMap":{"0":{"loc":{"start":{"line":17,"column":4},"end":{"line":22,"column":5}},"type":"if","locations":[{"start":{"line":17,"column":4},"end":{"line":22,"column":5}},{"start":{},"end":{}}]},"1":{"loc":{"start":{"line":17,"column":8},"end":{"line":17,"column":38}},"type":"binary-expr","locations":[{"start":{"line":17,"column":8},"end":{"line":17,"column":15}},{"start":{"line":17,"column":19},"end":{"line":17,"column":26}},{"start":{"line":17,"column":30},"end":{"line":17,"column":38}}]},"2":{"loc":{"start":{"line":25,"column":4},"end":{"line":31,"column":5}},"type":"if","locations":[{"start":{"line":25,"column":4},"end":{"line":31,"column":5}},{"start":{},"end":{}}]},"3":{"loc":{"start":{"line":26,"column":6},"end":{"line":27,"column":46}},"type":"binary-expr","locations":[{"start":{"line":26,"column":6},"end":{"line":26,"column":46}},{"start":{"line":27,"column":6},"end":{"line":27,"column":46}}]},"4":{"loc":{"start":{"line":35,"column":4},"end":{"line":38,"column":5}},"type":"if","locations":[{"start":{"line":35,"column":4},"end":{"line":38,"column":5}},{"start":{},"end":{}}]},"5":{"loc":{"start":{"line":42,"column":4},"end":{"line":45,"column":5}},"type":"if","locations":[{"start":{"line":42,"column":4},"end":{"line":45,"column":5}},{"start":{},"end":{}}]},"6":{"loc":{"start":{"line":60,"column":4},"end":{"line":92,"column":5}},"type":"if","locations":[{"start":{"line":60,"column":4},"end":{"line":92,"column":5}},{"start":{},"end":{}}]},"7":{"loc":{"start":{"line":65,"column":20},"end":{"line":65,"column":61}},"type":"binary-expr","locations":[{"start":{"line":65,"column":20},"end":{"line":65,"column":38}},{"start":{"line":65,"column":42},"end":{"line":65,"column":61}}]},"8":{"loc":{"start":{"line":65,"column":117},"end":{"line":65,"column":149}},"type":"cond-expr","locations":[{"start":{"line":65,"column":139},"end":{"line":65,"column":144}},{"start":{"line":65,"column":147},"end":{"line":65,"column":149}}]},"9":{"loc":{"start":{"line":74,"column":6},"end":{"line":91,"column":7}},"type":"if","locations":[{"start":{"line":74,"column":6},"end":{"line":91,"column":7}},{"start":{},"end":{}}]},"10":{"loc":{"start":{"line":79,"column":8},"end":{"line":90,"column":9}},"type":"if","locations":[{"start":{"line":79,"column":8},"end":{"line":90,"column":9}},{"start":{},"end":{}}]},"11":{"loc":{"start":{"line":116,"column":4},"end":{"line":118,"column":5}},"type":"if","locations":[{"start":{"line":116,"column":4},"end":{"line":118,"column":5}},{"start":{},"end":{}}]}},"s":{"0":0,"1":0,"2":0,"3":0,"4":0,"5":0,"6":0,"7":0,"8":0,"9":0,"10":0,"11":0,"12":0,"13":0,"14":0,"15":0,"16":0,"17":0,"18":0,"19":0,"20":0,"21":0,"22":0,"23":0,"24":0,"25":0,"26":0,"27":0,"28":0,"29":0,"30":0,"31":0,"32":0,"33":0,"34":0,"35":0,"36":0,"37":0,"38":0,"39":0,"40":0,"41":0,"42":0,"43":0,"44":0,"45":0,"46":0,"47":0},"f":{"0":0,"1":0},"b":{"0":[0,0],"1":[0,0,0],"2":[0,0],"3":[0,0],"4":[0,0],"5":[0,0],"6":[0,0],"7":[0,0],"8":[0,0],"9":[0,0],"10":[0,0],"11":[0,0]}}
,"/Users/nhatle/Documents/vtmp/dine-with-locals/server/src/controllers/FilterController.ts": {"path":"/Users/nhatle/Documents/vtmp/dine-with-locals/server/src/controllers/FilterController.ts","statementMap":{"0":{"start":{"line":1,"column":0},"end":{"line":1,"column":48}},"1":{"start":{"line":2,"column":0},"end":{"line":2,"column":43}},"2":{"start":{"line":6,"column":37},"end":{"line":98,"column":1}},"3":{"start":{"line":15,"column":6},"end":{"line":15,"column":14}},"4":{"start":{"line":16,"column":13},"end":{"line":16,"column":53}},"5":{"start":{"line":17,"column":20},"end":{"line":17,"column":22}},"6":{"start":{"line":18,"column":2},"end":{"line":18,"column":62}},"7":{"start":{"line":21,"column":47},"end":{"line":21,"column":49}},"8":{"start":{"line":23,"column":2},"end":{"line":23,"column":58}},"9":{"start":{"line":23,"column":17},"end":{"line":23,"column":58}},"10":{"start":{"line":24,"column":2},"end":{"line":24,"column":64}},"11":{"start":{"line":24,"column":20},"end":{"line":24,"column":64}},"12":{"start":{"line":25,"column":2},"end":{"line":25,"column":52}},"13":{"start":{"line":25,"column":16},"end":{"line":25,"column":52}},"14":{"start":{"line":26,"column":2},"end":{"line":26,"column":58}},"15":{"start":{"line":26,"column":12},"end":{"line":26,"column":58}},"16":{"start":{"line":27,"column":2},"end":{"line":31,"column":3}},"17":{"start":{"line":28,"column":4},"end":{"line":28,"column":69}},"18":{"start":{"line":29,"column":9},"end":{"line":31,"column":3}},"19":{"start":{"line":30,"column":4},"end":{"line":30,"column":64}},"20":{"start":{"line":32,"column":2},"end":{"line":39,"column":3}},"21":{"start":{"line":33,"column":4},"end":{"line":38,"column":6}},"22":{"start":{"line":40,"column":2},"end":{"line":40,"column":31}},"23":{"start":{"line":42,"column":45},"end":{"line":89,"column":4}},"24":{"start":{"line":91,"column":2},"end":{"line":97,"column":3}},"25":{"start":{"line":92,"column":18},"end":{"line":92,"column":56}},"26":{"start":{"line":93,"column":4},"end":{"line":93,"column":38}},"27":{"start":{"line":94,"column":4},"end":{"line":94,"column":40}},"28":{"start":{"line":96,"column":4},"end":{"line":96,"column":21}},"29":{"start":{"line":6,"column":13},"end":{"line":6,"column":37}},"30":{"start":{"line":100,"column":37},"end":{"line":200,"column":1}},"31":{"start":{"line":109,"column":6},"end":{"line":109,"column":14}},"32":{"start":{"line":110,"column":13},"end":{"line":110,"column":53}},"33":{"start":{"line":111,"column":20},"end":{"line":111,"column":22}},"34":{"start":{"line":113,"column":47},"end":{"line":113,"column":49}},"35":{"start":{"line":114,"column":2},"end":{"line":116,"column":3}},"36":{"start":{"line":115,"column":4},"end":{"line":115,"column":48}},"37":{"start":{"line":117,"column":2},"end":{"line":119,"column":3}},"38":{"start":{"line":118,"column":4},"end":{"line":118,"column":40}},"39":{"start":{"line":121,"column":2},"end":{"line":123,"column":3}},"40":{"start":{"line":122,"column":4},"end":{"line":122,"column":42}},"41":{"start":{"line":124,"column":2},"end":{"line":126,"column":3}},"42":{"start":{"line":125,"column":4},"end":{"line":125,"column":50}},"43":{"start":{"line":127,"column":2},"end":{"line":131,"column":3}},"44":{"start":{"line":128,"column":4},"end":{"line":128,"column":69}},"45":{"start":{"line":129,"column":9},"end":{"line":131,"column":3}},"46":{"start":{"line":130,"column":4},"end":{"line":130,"column":64}},"47":{"start":{"line":132,"column":2},"end":{"line":139,"column":3}},"48":{"start":{"line":133,"column":4},"end":{"line":138,"column":6}},"49":{"start":{"line":140,"column":2},"end":{"line":140,"column":31}},"50":{"start":{"line":141,"column":45},"end":{"line":184,"column":4}},"51":{"start":{"line":187,"column":2},"end":{"line":199,"column":3}},"52":{"start":{"line":188,"column":18},"end":{"line":188,"column":51}},"53":{"start":{"line":189,"column":4},"end":{"line":189,"column":23}},"54":{"start":{"line":190,"column":4},"end":{"line":190,"column":40}},"55":{"start":{"line":192,"column":4},"end":{"line":192,"column":52}},"56":{"start":{"line":193,"column":25},"end":{"line":193,"column":77}},"57":{"start":{"line":194,"column":4},"end":{"line":198,"column":7}},"58":{"start":{"line":100,"column":13},"end":{"line":100,"column":37}}},"fnMap":{"0":{"name":"(anonymous_1)","decl":{"start":{"line":6,"column":37},"end":{"line":6,"column":42}},"loc":{"start":{"line":6,"column":75},"end":{"line":98,"column":1}}},"1":{"name":"(anonymous_2)","decl":{"start":{"line":100,"column":37},"end":{"line":100,"column":42}},"loc":{"start":{"line":100,"column":75},"end":{"line":200,"column":1}}}},"branchMap":{"0":{"loc":{"start":{"line":16,"column":23},"end":{"line":16,"column":52}},"type":"binary-expr","locations":[{"start":{"line":16,"column":23},"end":{"line":16,"column":45}},{"start":{"line":16,"column":49},"end":{"line":16,"column":52}}]},"1":{"loc":{"start":{"line":23,"column":2},"end":{"line":23,"column":58}},"type":"if","locations":[{"start":{"line":23,"column":2},"end":{"line":23,"column":58}},{"start":{},"end":{}}]},"2":{"loc":{"start":{"line":24,"column":2},"end":{"line":24,"column":64}},"type":"if","locations":[{"start":{"line":24,"column":2},"end":{"line":24,"column":64}},{"start":{},"end":{}}]},"3":{"loc":{"start":{"line":25,"column":2},"end":{"line":25,"column":52}},"type":"if","locations":[{"start":{"line":25,"column":2},"end":{"line":25,"column":52}},{"start":{},"end":{}}]},"4":{"loc":{"start":{"line":26,"column":2},"end":{"line":26,"column":58}},"type":"if","locations":[{"start":{"line":26,"column":2},"end":{"line":26,"column":58}},{"start":{},"end":{}}]},"5":{"loc":{"start":{"line":27,"column":2},"end":{"line":31,"column":3}},"type":"if","locations":[{"start":{"line":27,"column":2},"end":{"line":31,"column":3}},{"start":{"line":29,"column":9},"end":{"line":31,"column":3}}]},"6":{"loc":{"start":{"line":29,"column":9},"end":{"line":31,"column":3}},"type":"if","locations":[{"start":{"line":29,"column":9},"end":{"line":31,"column":3}},{"start":{},"end":{}}]},"7":{"loc":{"start":{"line":32,"column":2},"end":{"line":39,"column":3}},"type":"if","locations":[{"start":{"line":32,"column":2},"end":{"line":39,"column":3}},{"start":{},"end":{}}]},"8":{"loc":{"start":{"line":32,"column":6},"end":{"line":32,"column":26}},"type":"binary-expr","locations":[{"start":{"line":32,"column":6},"end":{"line":32,"column":15}},{"start":{"line":32,"column":19},"end":{"line":32,"column":26}}]},"9":{"loc":{"start":{"line":110,"column":23},"end":{"line":110,"column":52}},"type":"binary-expr","locations":[{"start":{"line":110,"column":23},"end":{"line":110,"column":45}},{"start":{"line":110,"column":49},"end":{"line":110,"column":52}}]},"10":{"loc":{"start":{"line":114,"column":2},"end":{"line":116,"column":3}},"type":"if","locations":[{"start":{"line":114,"column":2},"end":{"line":116,"column":3}},{"start":{},"end":{}}]},"11":{"loc":{"start":{"line":117,"column":2},"end":{"line":119,"column":3}},"type":"if","locations":[{"start":{"line":117,"column":2},"end":{"line":119,"column":3}},{"start":{},"end":{}}]},"12":{"loc":{"start":{"line":121,"column":2},"end":{"line":123,"column":3}},"type":"if","locations":[{"start":{"line":121,"column":2},"end":{"line":123,"column":3}},{"start":{},"end":{}}]},"13":{"loc":{"start":{"line":124,"column":2},"end":{"line":126,"column":3}},"type":"if","locations":[{"start":{"line":124,"column":2},"end":{"line":126,"column":3}},{"start":{},"end":{}}]},"14":{"loc":{"start":{"line":127,"column":2},"end":{"line":131,"column":3}},"type":"if","locations":[{"start":{"line":127,"column":2},"end":{"line":131,"column":3}},{"start":{"line":129,"column":9},"end":{"line":131,"column":3}}]},"15":{"loc":{"start":{"line":127,"column":6},"end":{"line":127,"column":72}},"type":"binary-expr","locations":[{"start":{"line":127,"column":6},"end":{"line":127,"column":39}},{"start":{"line":127,"column":43},"end":{"line":127,"column":72}}]},"16":{"loc":{"start":{"line":129,"column":9},"end":{"line":131,"column":3}},"type":"if","locations":[{"start":{"line":129,"column":9},"end":{"line":131,"column":3}},{"start":{},"end":{}}]},"17":{"loc":{"start":{"line":132,"column":2},"end":{"line":139,"column":3}},"type":"if","locations":[{"start":{"line":132,"column":2},"end":{"line":139,"column":3}},{"start":{},"end":{}}]},"18":{"loc":{"start":{"line":132,"column":6},"end":{"line":132,"column":26}},"type":"binary-expr","locations":[{"start":{"line":132,"column":6},"end":{"line":132,"column":15}},{"start":{"line":132,"column":19},"end":{"line":132,"column":26}}]},"19":{"loc":{"start":{"line":193,"column":25},"end":{"line":193,"column":77}},"type":"cond-expr","locations":[{"start":{"line":193,"column":48},"end":{"line":193,"column":59}},{"start":{"line":193,"column":62},"end":{"line":193,"column":77}}]}},"s":{"0":0,"1":0,"2":0,"3":0,"4":0,"5":0,"6":0,"7":0,"8":0,"9":0,"10":0,"11":0,"12":0,"13":0,"14":0,"15":0,"16":0,"17":0,"18":0,"19":0,"20":0,"21":0,"22":0,"23":0,"24":0,"25":0,"26":0,"27":0,"28":0,"29":0,"30":0,"31":0,"32":0,"33":0,"34":0,"35":0,"36":0,"37":0,"38":0,"39":0,"40":0,"41":0,"42":0,"43":0,"44":0,"45":0,"46":0,"47":0,"48":0,"49":0,"50":0,"51":0,"52":0,"53":0,"54":0,"55":0,"56":0,"57":0,"58":0},"f":{"0":0,"1":0},"b":{"0":[0,0],"1":[0,0],"2":[0,0],"3":[0,0],"4":[0,0],"5":[0,0],"6":[0,0],"7":[0,0],"8":[0,0],"9":[0,0],"10":[0,0],"11":[0,0],"12":[0,0],"13":[0,0],"14":[0,0],"15":[0,0],"16":[0,0],"17":[0,0],"18":[0,0],"19":[0,0]}}
,"/Users/nhatle/Documents/vtmp/dine-with-locals/server/src/controllers/LikeController.ts": {"path":"/Users/nhatle/Documents/vtmp/dine-with-locals/server/src/controllers/LikeController.ts","statementMap":{"0":{"start":{"line":2,"column":0},"end":{"line":2,"column":37}},"1":{"start":{"line":3,"column":0},"end":{"line":3,"column":37}},"2":{"start":{"line":4,"column":0},"end":{"line":4,"column":53}},"3":{"start":{"line":5,"column":0},"end":{"line":5,"column":37}},"4":{"start":{"line":6,"column":0},"end":{"line":6,"column":32}},"5":{"start":{"line":9,"column":42},"end":{"line":99,"column":1}},"6":{"start":{"line":13,"column":2},"end":{"line":98,"column":3}},"7":{"start":{"line":14,"column":31},"end":{"line":14,"column":39}},"8":{"start":{"line":17,"column":4},"end":{"line":20,"column":5}},"9":{"start":{"line":18,"column":6},"end":{"line":18,"column":72}},"10":{"start":{"line":19,"column":6},"end":{"line":19,"column":13}},"11":{"start":{"line":23,"column":4},"end":{"line":29,"column":5}},"12":{"start":{"line":27,"column":6},"end":{"line":27,"column":73}},"13":{"start":{"line":28,"column":6},"end":{"line":28,"column":13}},"14":{"start":{"line":32,"column":25},"end":{"line":32,"column":63}},"15":{"start":{"line":33,"column":4},"end":{"line":36,"column":5}},"16":{"start":{"line":34,"column":6},"end":{"line":34,"column":74}},"17":{"start":{"line":35,"column":6},"end":{"line":35,"column":13}},"18":{"start":{"line":39,"column":17},"end":{"line":39,"column":94}},"19":{"start":{"line":40,"column":4},"end":{"line":43,"column":5}},"20":{"start":{"line":41,"column":6},"end":{"line":41,"column":56}},"21":{"start":{"line":42,"column":6},"end":{"line":42,"column":13}},"22":{"start":{"line":46,"column":18},"end":{"line":46,"column":83}},"23":{"start":{"line":47,"column":4},"end":{"line":50,"column":5}},"24":{"start":{"line":48,"column":6},"end":{"line":48,"column":56}},"25":{"start":{"line":49,"column":6},"end":{"line":49,"column":13}},"26":{"start":{"line":53,"column":20},"end":{"line":53,"column":48}},"27":{"start":{"line":54,"column":4},"end":{"line":54,"column":25}},"28":{"start":{"line":57,"column":4},"end":{"line":57,"column":65}},"29":{"start":{"line":60,"column":4},"end":{"line":92,"column":5}},"30":{"start":{"line":61,"column":27},"end":{"line":68,"column":8}},"31":{"start":{"line":70,"column":6},"end":{"line":70,"column":32}},"32":{"start":{"line":73,"column":17},"end":{"line":73,"column":34}},"33":{"start":{"line":74,"column":6},"end":{"line":91,"column":7}},"34":{"start":{"line":75,"column":38},"end":{"line":77,"column":42}},"35":{"start":{"line":79,"column":8},"end":{"line":90,"column":9}},"36":{"start":{"line":80,"column":10},"end":{"line":89,"column":13}},"37":{"start":{"line":94,"column":4},"end":{"line":94,"column":34}},"38":{"start":{"line":96,"column":4},"end":{"line":96,"column":49}},"39":{"start":{"line":97,"column":4},"end":{"line":97,"column":61}},"40":{"start":{"line":9,"column":13},"end":{"line":9,"column":42}},"41":{"start":{"line":102,"column":38},"end":{"line":126,"column":1}},"42":{"start":{"line":103,"column":2},"end":{"line":125,"column":3}},"43":{"start":{"line":104,"column":31},"end":{"line":104,"column":39}},"44":{"start":{"line":107,"column":4},"end":{"line":109,"column":5}},"45":{"start":{"line":108,"column":6},"end":{"line":108,"column":72}},"46":{"start":{"line":112,"column":24},"end":{"line":112,"column":71}},"47":{"start":{"line":114,"column":4},"end":{"line":116,"column":5}},"48":{"start":{"line":115,"column":6},"end":{"line":115,"column":56}},"49":{"start":{"line":119,"column":4},"end":{"line":119,"column":66}},"50":{"start":{"line":121,"column":4},"end":{"line":121,"column":67}},"51":{"start":{"line":123,"column":4},"end":{"line":123,"column":49}},"52":{"start":{"line":124,"column":4},"end":{"line":124,"column":61}},"53":{"start":{"line":102,"column":13},"end":{"line":102,"column":38}},"54":{"start":{"line":129,"column":47},"end":{"line":153,"column":1}},"55":{"start":{"line":133,"column":2},"end":{"line":152,"column":3}},"56":{"start":{"line":134,"column":31},"end":{"line":134,"column":40}},"57":{"start":{"line":137,"column":4},"end":{"line":140,"column":5}},"58":{"start":{"line":138,"column":6},"end":{"line":138,"column":72}},"59":{"start":{"line":139,"column":6},"end":{"line":139,"column":13}},"60":{"start":{"line":143,"column":17},"end":{"line":146,"column":6}},"61":{"start":{"line":148,"column":4},"end":{"line":148,"column":46}},"62":{"start":{"line":150,"column":4},"end":{"line":150,"column":56}},"63":{"start":{"line":151,"column":4},"end":{"line":151,"column":67}},"64":{"start":{"line":129,"column":13},"end":{"line":129,"column":47}},"65":{"start":{"line":156,"column":48},"end":{"line":179,"column":1}},"66":{"start":{"line":160,"column":2},"end":{"line":178,"column":3}},"67":{"start":{"line":161,"column":23},"end":{"line":161,"column":33}},"68":{"start":{"line":164,"column":4},"end":{"line":166,"column":5}},"69":{"start":{"line":165,"column":6},"end":{"line":165,"column":63}},"70":{"start":{"line":169,"column":18},"end":{"line":171,"column":null}},"71":{"start":{"line":174,"column":4},"end":{"line":174,"column":32}},"72":{"start":{"line":176,"column":4},"end":{"line":176,"column":50}},"73":{"start":{"line":177,"column":4},"end":{"line":177,"column":61}},"74":{"start":{"line":156,"column":13},"end":{"line":156,"column":48}}},"fnMap":{"0":{"name":"(anonymous_1)","decl":{"start":{"line":9,"column":42},"end":{"line":9,"column":47}},"loc":{"start":{"line":12,"column":4},"end":{"line":99,"column":1}}},"1":{"name":"(anonymous_2)","decl":{"start":{"line":102,"column":38},"end":{"line":102,"column":43}},"loc":{"start":{"line":102,"column":76},"end":{"line":126,"column":1}}},"2":{"name":"(anonymous_3)","decl":{"start":{"line":129,"column":47},"end":{"line":129,"column":52}},"loc":{"start":{"line":132,"column":4},"end":{"line":153,"column":1}}},"3":{"name":"(anonymous_4)","decl":{"start":{"line":156,"column":48},"end":{"line":156,"column":53}},"loc":{"start":{"line":159,"column":4},"end":{"line":179,"column":1}}}},"branchMap":{"0":{"loc":{"start":{"line":17,"column":4},"end":{"line":20,"column":5}},"type":"if","locations":[{"start":{"line":17,"column":4},"end":{"line":20,"column":5}},{"start":{},"end":{}}]},"1":{"loc":{"start":{"line":17,"column":8},"end":{"line":17,"column":26}},"type":"binary-expr","locations":[{"start":{"line":17,"column":8},"end":{"line":17,"column":15}},{"start":{"line":17,"column":19},"end":{"line":17,"column":26}}]},"2":{"loc":{"start":{"line":23,"column":4},"end":{"line":29,"column":5}},"type":"if","locations":[{"start":{"line":23,"column":4},"end":{"line":29,"column":5}},{"start":{},"end":{}}]},"3":{"loc":{"start":{"line":24,"column":6},"end":{"line":25,"column":46}},"type":"binary-expr","locations":[{"start":{"line":24,"column":6},"end":{"line":24,"column":46}},{"start":{"line":25,"column":6},"end":{"line":25,"column":46}}]},"4":{"loc":{"start":{"line":33,"column":4},"end":{"line":36,"column":5}},"type":"if","locations":[{"start":{"line":33,"column":4},"end":{"line":36,"column":5}},{"start":{},"end":{}}]},"5":{"loc":{"start":{"line":40,"column":4},"end":{"line":43,"column":5}},"type":"if","locations":[{"start":{"line":40,"column":4},"end":{"line":43,"column":5}},{"start":{},"end":{}}]},"6":{"loc":{"start":{"line":47,"column":4},"end":{"line":50,"column":5}},"type":"if","locations":[{"start":{"line":47,"column":4},"end":{"line":50,"column":5}},{"start":{},"end":{}}]},"7":{"loc":{"start":{"line":60,"column":4},"end":{"line":92,"column":5}},"type":"if","locations":[{"start":{"line":60,"column":4},"end":{"line":92,"column":5}},{"start":{},"end":{}}]},"8":{"loc":{"start":{"line":65,"column":20},"end":{"line":65,"column":53}},"type":"binary-expr","locations":[{"start":{"line":65,"column":20},"end":{"line":65,"column":34}},{"start":{"line":65,"column":38},"end":{"line":65,"column":53}}]},"9":{"loc":{"start":{"line":74,"column":6},"end":{"line":91,"column":7}},"type":"if","locations":[{"start":{"line":74,"column":6},"end":{"line":91,"column":7}},{"start":{},"end":{}}]},"10":{"loc":{"start":{"line":79,"column":8},"end":{"line":90,"column":9}},"type":"if","locations":[{"start":{"line":79,"column":8},"end":{"line":90,"column":9}},{"start":{},"end":{}}]},"11":{"loc":{"start":{"line":107,"column":4},"end":{"line":109,"column":5}},"type":"if","locations":[{"start":{"line":107,"column":4},"end":{"line":109,"column":5}},{"start":{},"end":{}}]},"12":{"loc":{"start":{"line":107,"column":8},"end":{"line":107,"column":26}},"type":"binary-expr","locations":[{"start":{"line":107,"column":8},"end":{"line":107,"column":15}},{"start":{"line":107,"column":19},"end":{"line":107,"column":26}}]},"13":{"loc":{"start":{"line":114,"column":4},"end":{"line":116,"column":5}},"type":"if","locations":[{"start":{"line":114,"column":4},"end":{"line":116,"column":5}},{"start":{},"end":{}}]},"14":{"loc":{"start":{"line":137,"column":4},"end":{"line":140,"column":5}},"type":"if","locations":[{"start":{"line":137,"column":4},"end":{"line":140,"column":5}},{"start":{},"end":{}}]},"15":{"loc":{"start":{"line":137,"column":8},"end":{"line":137,"column":26}},"type":"binary-expr","locations":[{"start":{"line":137,"column":8},"end":{"line":137,"column":15}},{"start":{"line":137,"column":19},"end":{"line":137,"column":26}}]},"16":{"loc":{"start":{"line":164,"column":4},"end":{"line":166,"column":5}},"type":"if","locations":[{"start":{"line":164,"column":4},"end":{"line":166,"column":5}},{"start":{},"end":{}}]}},"s":{"0":0,"1":0,"2":0,"3":0,"4":0,"5":0,"6":0,"7":0,"8":0,"9":0,"10":0,"11":0,"12":0,"13":0,"14":0,"15":0,"16":0,"17":0,"18":0,"19":0,"20":0,"21":0,"22":0,"23":0,"24":0,"25":0,"26":0,"27":0,"28":0,"29":0,"30":0,"31":0,"32":0,"33":0,"34":0,"35":0,"36":0,"37":0,"38":0,"39":0,"40":0,"41":0,"42":0,"43":0,"44":0,"45":0,"46":0,"47":0,"48":0,"49":0,"50":0,"51":0,"52":0,"53":0,"54":0,"55":0,"56":0,"57":0,"58":0,"59":0,"60":0,"61":0,"62":0,"63":0,"64":0,"65":0,"66":0,"67":0,"68":0,"69":0,"70":0,"71":0,"72":0,"73":0,"74":0},"f":{"0":0,"1":0,"2":0,"3":0},"b":{"0":[0,0],"1":[0,0],"2":[0,0],"3":[0,0],"4":[0,0],"5":[0,0],"6":[0,0],"7":[0,0],"8":[0,0],"9":[0,0],"10":[0,0],"11":[0,0],"12":[0,0],"13":[0,0],"14":[0,0],"15":[0,0],"16":[0,0]}}
,"/Users/nhatle/Documents/vtmp/dine-with-locals/server/src/controllers/ListingController.ts": {"path":"/Users/nhatle/Documents/vtmp/dine-with-locals/server/src/controllers/ListingController.ts","statementMap":{"0":{"start":{"line":2,"column":0},"end":{"line":2,"column":57}},"1":{"start":{"line":3,"column":0},"end":{"line":3,"column":45}},"2":{"start":{"line":4,"column":0},"end":{"line":4,"column":32}},"3":{"start":{"line":10,"column":46},"end":{"line":42,"column":1}},"4":{"start":{"line":14,"column":2},"end":{"line":41,"column":3}},"5":{"start":{"line":15,"column":26},"end":{"line":15,"column":36}},"6":{"start":{"line":18,"column":4},"end":{"line":21,"column":5}},"7":{"start":{"line":19,"column":6},"end":{"line":19,"column":67}},"8":{"start":{"line":20,"column":6},"end":{"line":20,"column":13}},"9":{"start":{"line":23,"column":20},"end":{"line":25,"column":29}},"10":{"start":{"line":27,"column":4},"end":{"line":32,"column":5}},"11":{"start":{"line":28,"column":6},"end":{"line":30,"column":9}},"12":{"start":{"line":31,"column":6},"end":{"line":31,"column":13}},"13":{"start":{"line":34,"column":4},"end":{"line":34,"column":34}},"14":{"start":{"line":36,"column":4},"end":{"line":36,"column":52}},"15":{"start":{"line":37,"column":4},"end":{"line":40,"column":7}},"16":{"start":{"line":10,"column":13},"end":{"line":10,"column":46}},"17":{"start":{"line":49,"column":45},"end":{"line":101,"column":1}},"18":{"start":{"line":53,"column":2},"end":{"line":100,"column":3}},"19":{"start":{"line":54,"column":4},"end":{"line":54,"column":57}},"20":{"start":{"line":56,"column":24},"end":{"line":56,"column":32}},"21":{"start":{"line":57,"column":19},"end":{"line":57,"column":37}},"22":{"start":{"line":60,"column":4},"end":{"line":63,"column":5}},"23":{"start":{"line":61,"column":6},"end":{"line":61,"column":64}},"24":{"start":{"line":62,"column":6},"end":{"line":62,"column":13}},"25":{"start":{"line":66,"column":25},"end":{"line":66,"column":45}},"26":{"start":{"line":67,"column":24},"end":{"line":67,"column":50}},"27":{"start":{"line":68,"column":29},"end":{"line":70,"column":6}},"28":{"start":{"line":71,"column":4},"end":{"line":77,"column":5}},"29":{"start":{"line":72,"column":6},"end":{"line":72,"column":64}},"30":{"start":{"line":73,"column":6},"end":{"line":73,"column":52}},"31":{"start":{"line":75,"column":6},"end":{"line":75,"column":57}},"32":{"start":{"line":76,"column":6},"end":{"line":76,"column":31}},"33":{"start":{"line":80,"column":4},"end":{"line":82,"column":5}},"34":{"start":{"line":81,"column":6},"end":{"line":81,"column":34}},"35":{"start":{"line":83,"column":4},"end":{"line":85,"column":5}},"36":{"start":{"line":84,"column":6},"end":{"line":84,"column":47}},"37":{"start":{"line":87,"column":4},"end":{"line":87,"column":67}},"38":{"start":{"line":90,"column":23},"end":{"line":90,"column":47}},"39":{"start":{"line":91,"column":4},"end":{"line":91,"column":28}},"40":{"start":{"line":93,"column":4},"end":{"line":96,"column":7}},"41":{"start":{"line":98,"column":4},"end":{"line":98,"column":52}},"42":{"start":{"line":99,"column":4},"end":{"line":99,"column":64}},"43":{"start":{"line":49,"column":13},"end":{"line":49,"column":45}},"44":{"start":{"line":107,"column":49},"end":{"line":173,"column":1}},"45":{"start":{"line":111,"column":2},"end":{"line":172,"column":3}},"46":{"start":{"line":112,"column":40},"end":{"line":112,"column":49}},"47":{"start":{"line":114,"column":4},"end":{"line":119,"column":5}},"48":{"start":{"line":115,"column":6},"end":{"line":117,"column":9}},"49":{"start":{"line":118,"column":6},"end":{"line":118,"column":13}},"50":{"start":{"line":122,"column":21},"end":{"line":125,"column":13}},"51":{"start":{"line":128,"column":27},"end":{"line":145,"column":6}},"52":{"start":{"line":129,"column":23},"end":{"line":129,"column":48}},"53":{"start":{"line":130,"column":6},"end":{"line":130,"column":59}},"54":{"start":{"line":130,"column":46},"end":{"line":130,"column":59}},"55":{"start":{"line":133,"column":33},"end":{"line":137,"column":null}},"56":{"start":{"line":141,"column":8},"end":{"line":143,"column":42}},"57":{"start":{"line":144,"column":6},"end":{"line":144,"column":49}},"58":{"start":{"line":148,"column":33},"end":{"line":163,"column":46}},"59":{"start":{"line":150,"column":25},"end":{"line":150,"column":50}},"60":{"start":{"line":151,"column":35},"end":{"line":155,"column":null}},"61":{"start":{"line":158,"column":8},"end":{"line":161,"column":10}},"62":{"start":{"line":163,"column":22},"end":{"line":163,"column":45}},"63":{"start":{"line":165,"column":4},"end":{"line":165,"column":47}},"64":{"start":{"line":167,"column":4},"end":{"line":167,"column":59}},"65":{"start":{"line":168,"column":4},"end":{"line":171,"column":7}},"66":{"start":{"line":107,"column":13},"end":{"line":107,"column":49}},"67":{"start":{"line":179,"column":45},"end":{"line":219,"column":1}},"68":{"start":{"line":183,"column":2},"end":{"line":218,"column":3}},"69":{"start":{"line":184,"column":26},"end":{"line":184,"column":36}},"70":{"start":{"line":185,"column":23},"end":{"line":185,"column":31}},"71":{"start":{"line":188,"column":4},"end":{"line":191,"column":5}},"72":{"start":{"line":189,"column":6},"end":{"line":189,"column":67}},"73":{"start":{"line":190,"column":6},"end":{"line":190,"column":13}},"74":{"start":{"line":193,"column":27},"end":{"line":199,"column":29}},"75":{"start":{"line":201,"column":4},"end":{"line":206,"column":5}},"76":{"start":{"line":202,"column":6},"end":{"line":204,"column":9}},"77":{"start":{"line":205,"column":6},"end":{"line":205,"column":13}},"78":{"start":{"line":208,"column":4},"end":{"line":211,"column":7}},"79":{"start":{"line":213,"column":4},"end":{"line":213,"column":52}},"80":{"start":{"line":214,"column":4},"end":{"line":217,"column":7}},"81":{"start":{"line":179,"column":13},"end":{"line":179,"column":45}},"82":{"start":{"line":225,"column":45},"end":{"line":257,"column":1}},"83":{"start":{"line":229,"column":2},"end":{"line":256,"column":3}
[...]
,"/Users/nhatle/Documents/vtmp/dine-with-locals/server/src/models/Like.ts": {"path":"/Users/nhatle/Documents/vtmp/dine-with-locals/server/src/models/Like.ts","statementMap":{"0":{"start":{"line":1,"column":0},"end":{"line":1,"column":54}},"1":{"start":{"line":9,"column":27},"end":{"line":22,"column":null}},"2":{"start":{"line":25,"column":0},"end":{"line":25,"column":61}},"3":{"start":{"line":27,"column":0},"end":{"line":27,"column":57}}},"fnMap":{},"branchMap":{},"s":{"0":0,"1":0,"2":0,"3":0},"f":{},"b":{}}
,"/Users/nhatle/Documents/vtmp/dine-with-locals/server/src/models/Listing.ts": {"path":"/Users/nhatle/Documents/vtmp/dine-with-locals/server/src/models/Listing.ts","statementMap":{"0":{"start":{"line":1,"column":0},"end":{"line":1,"column":54}},"1":{"start":{"line":21,"column":30},"end":{"line":86,"column":null}},"2":{"start":{"line":89,"column":0},"end":{"line":89,"column":66}}},"fnMap":{},"branchMap":{},"s":{"0":0,"1":0,"2":0},"f":{},"b":{}}
,"/Users/nhatle/Documents/vtmp/dine-with-locals/server/src/models/Location.ts": {"path":"/Users/nhatle/Documents/vtmp/dine-with-locals/server/src/models/Location.ts","statementMap":{"0":{"start":{"line":1,"column":0},"end":{"line":1,"column":54}},"1":{"start":{"line":18,"column":31},"end":{"line":61,"column":null}},"2":{"start":{"line":64,"column":0},"end":{"line":64,"column":69}}},"fnMap":{},"branchMap":{},"s":{"0":1,"1":1,"2":1},"f":{},"b":{}}
,"/Users/nhatle/Documents/vtmp/dine-with-locals/server/src/models/Match.ts": {"path":"/Users/nhatle/Documents/vtmp/dine-with-locals/server/src/models/Match.ts","statementMap":{"0":{"start":{"line":1,"column":0},"end":{"line":1,"column":54}},"1":{"start":{"line":12,"column":28},"end":{"line":42,"column":null}},"2":{"start":{"line":46,"column":0},"end":{"line":46,"column":72}},"3":{"start":{"line":48,"column":0},"end":{"line":48,"column":60}}},"fnMap":{},"branchMap":{},"s":{"0":0,"1":0,"2":0,"3":0},"f":{},"b":{}}
,"/Users/nhatle/Documents/vtmp/dine-with-locals/server/src/models/Message.ts": {"path":"/Users/nhatle/Documents/vtmp/dine-with-locals/server/src/models/Message.ts","statementMap":{"0":{"start":{"line":1,"column":0},"end":{"line":1,"column":54}},"1":{"start":{"line":10,"column":30},"end":{"line":32,"column":null}},"2":{"start":{"line":35,"column":0},"end":{"line":35,"column":63}}},"fnMap":{},"branchMap":{},"s":{"0":0,"1":0,"2":0},"f":{},"b":{}}
,"/Users/nhatle/Documents/vtmp/dine-with-locals/server/src/models/Notification.ts": {"path":"/Users/nhatle/Documents/vtmp/dine-with-locals/server/src/models/Notification.ts","statementMap":{"0":{"start":{"line":1,"column":0},"end":{"line":1,"column":54}},"1":{"start":{"line":14,"column":35},"end":{"line":50,"column":null}},"2":{"start":{"line":54,"column":0},"end":{"line":54,"column":60}},"3":{"start":{"line":55,"column":0},"end":{"line":55,"column":56}},"4":{"start":{"line":57,"column":0},"end":{"line":57,"column":81}}},"fnMap":{},"branchMap":{},"s":{"0":0,"1":0,"2":0,"3":0,"4":0},"f":{},"b":{}}
,"/Users/nhatle/Documents/vtmp/dine-with-locals/server/src/models/Request.ts": {"path":"/Users/nhatle/Documents/vtmp/dine-with-locals/server/src/models/Request.ts","statementMap":{"0":{"start":{"line":1,"column":0},"end":{"line":1,"column":54}},"1":{"start":{"line":18,"column":30},"end":{"line":77,"column":null}},"2":{"start":{"line":80,"column":0},"end":{"line":80,"column":72}}},"fnMap":{},"branchMap":{},"s":{"0":0,"1":0,"2":0},"f":{},"b":{}}
,"/Users/nhatle/Documents/vtmp/dine-with-locals/server/src/models/Review.ts": {"path":"/Users/nhatle/Documents/vtmp/dine-with-locals/server/src/models/Review.ts","statementMap":{"0":{"start":{"line":2,"column":0},"end":{"line":2,"column":54}},"1":{"start":{"line":13,"column":29},"end":{"line":41,"column":null}},"2":{"start":{"line":45,"column":0},"end":{"line":45,"column":67}},"3":{"start":{"line":47,"column":0},"end":{"line":47,"column":63}}},"fnMap":{},"branchMap":{},"s":{"0":0,"1":0,"2":0,"3":0},"f":{},"b":{}}
,"/Users/nhatle/Documents/vtmp/dine-with-locals/server/src/models/User.ts": {"path":"/Users/nhatle/Documents/vtmp/dine-with-locals/server/src/models/User.ts","statementMap":{"0":{"start":{"line":1,"column":0},"end":{"line":1,"column":68}},"1":{"start":{"line":22,"column":34},"end":{"line":107,"column":null}},"2":{"start":{"line":44,"column":8},"end":{"line":44,"column":41}},"3":{"start":{"line":55,"column":8},"end":{"line":55,"column":41}},"4":{"start":{"line":77,"column":8},"end":{"line":77,"column":41}},"5":{"start":{"line":103,"column":8},"end":{"line":103,"column":41}},"6":{"start":{"line":110,"column":18},"end":{"line":110,"column":50}},"7":{"start":{"line":111,"column":0},"end":{"line":111,"column":25}}},"fnMap":{"0":{"name":"(anonymous_0)","decl":{"start":{"line":43,"column":16},"end":{"line":43,"column":null}},"loc":{"start":{"line":43,"column":16},"end":{"line":45,"column":7}}},"1":{"name":"(anonymous_1)","decl":{"start":{"line":54,"column":16},"end":{"line":54,"column":null}},"loc":{"start":{"line":54,"column":16},"end":{"line":56,"column":7}}},"2":{"name":"(anonymous_2)","decl":{"start":{"line":76,"column":16},"end":{"line":76,"column":null}},"loc":{"start":{"line":76,"column":16},"end":{"line":78,"column":7}}},"3":{"name":"(anonymous_3)","decl":{"start":{"line":102,"column":16},"end":{"line":102,"column":null}},"loc":{"start":{"line":102,"column":16},"end":{"line":104,"column":7}}}},"branchMap":{},"s":{"0":2,"1":2,"2":46,"3":46,"4":46,"5":46,"6":2,"7":2},"f":{"0":46,"1":46,"2":46,"3":46},"b":{}}
,"/Users/nhatle/Documents/vtmp/dine-with-locals/server/src/routes/AuthRoutes.ts": {"path":"/Users/nhatle/Documents/vtmp/dine-with-locals/server/src/routes/AuthRoutes.ts","statementMap":{"0":{"start":{"line":1,"column":0},"end":{"line":1,"column":33}},"1":{"start":{"line":2,"column":0},"end":{"line":2,"column":null}},"2":{"start":{"line":8,"column":15},"end":{"line":8,"column":23}},"3":{"start":{"line":11,"column":0},"end":{"line":11,"column":33}},"4":{"start":{"line":12,"column":0},"end":{"line":12,"column":35}},"5":{"start":{"line":13,"column":0},"end":{"line":13,"column":43}},"6":{"start":{"line":15,"column":0},"end":{"line":15,"column":22}}},"fnMap":{},"branchMap":{},"s":{"0":0,"1":0,"2":0,"3":0,"4":0,"5":0,"6":0},"f":{},"b":{}}
,"/Users/nhatle/Documents/vtmp/dine-with-locals/server/src/routes/BlogRoutes.ts": {"path":"/Users/nhatle/Documents/vtmp/dine-with-locals/server/src/routes/BlogRoutes.ts","statementMap":{"0":{"start":{"line":1,"column":0},"end":{"line":1,"column":30}},"1":{"start":{"line":2,"column":0},"end":{"line":2,"column":null}},"2":{"start":{"line":11,"column":15},"end":{"line":11,"column":31}},"3":{"start":{"line":14,"column":0},"end":{"line":14,"column":29}},"4":{"start":{"line":17,"column":0},"end":{"line":17,"column":46}},"5":{"start":{"line":20,"column":0},"end":{"line":20,"column":32}},"6":{"start":{"line":23,"column":0},"end":{"line":23,"column":29}},"7":{"start":{"line":26,"column":0},"end":{"line":26,"column":31}},"8":{"start":{"line":29,"column":0},"end":{"line":29,"column":34}},"9":{"start":{"line":31,"column":0},"end":{"line":31,"column":22}}},"fnMap":{},"branchMap":{},"s":{"0":0,"1":0,"2":0,"3":0,"4":0,"5":0,"6":0,"7":0,"8":0,"9":0},"f":{},"b":{}}
,"/Users/nhatle/Documents/vtmp/dine-with-locals/server/src/routes/ChatRoutes.ts": {"path":"/Users/nhatle/Documents/vtmp/dine-with-locals/server/src/routes/ChatRoutes.ts","statementMap":{"0":{"start":{"line":1,"column":0},"end":{"line":1,"column":53}},"1":{"start":{"line":2,"column":0},"end":{"line":2,"column":66}},"2":{"start":{"line":3,"column":0},"end":{"line":3,"column":null}},"3":{"start":{"line":10,"column":15},"end":{"line":10,"column":31}},"4":{"start":{"line":12,"column":0},"end":{"line":12,"column":45}},"5":{"start":{"line":13,"column":0},"end":{"line":13,"column":63}},"6":{"start":{"line":14,"column":0},"end":{"line":14,"column":44}},"7":{"start":{"line":15,"column":0},"end":{"line":15,"column":52}},"8":{"start":{"line":17,"column":0},"end":{"line":17,"column":22}}},"fnMap":{},"branchMap":{},"s":{"0":0,"1":0,"2":0,"3":0,"4":0,"5":0,"6":0,"7":0,"8":0},"f":{},"b":{}}
,"/Users/nhatle/Documents/vtmp/dine-with-locals/server/src/routes/CommentRoutes.ts": {"path":"/Users/nhatle/Documents/vtmp/dine-with-locals/server/src/routes/CommentRoutes.ts","statementMap":{"0":{"start":{"line":1,"column":0},"end":{"line":1,"column":30}},"1":{"start":{"line":2,"column":0},"end":{"line":2,"column":null}},"2":{"start":{"line":6,"column":15},"end":{"line":6,"column":31}},"3":{"start":{"line":9,"column":0},"end":{"line":9,"column":32}},"4":{"start":{"line":12,"column":0},"end":{"line":12,"column":49}},"5":{"start":{"line":14,"column":0},"end":{"line":14,"column":22}}},"fnMap":{},"branchMap":{},"s":{"0":0,"1":0,"2":0,"3":0,"4":0,"5":0},"f":{},"b":{}}
,"/Users/nhatle/Documents/vtmp/dine-with-locals/server/src/routes/FilterRoutes.ts": {"path":"/Users/nhatle/Documents/vtmp/dine-with-locals/server/src/routes/FilterRoutes.ts","statementMap":{"0":{"start":{"line":1,"column":0},"end":{"line":1,"column":30}},"1":{"start":{"line":2,"column":0},"end":{"line":2,"column":null}},"2":{"start":{"line":7,"column":15},"end":{"line":7,"column":31}},"3":{"start":{"line":8,"column":0},"end":{"line":8,"column":47}},"4":{"start":{"line":9,"column":0},"end":{"line":9,"column":47}},"5":{"start":{"line":10,"column":0},"end":{"line":10,"column":22}}},"fnMap":{},"branchMap":{},"s":{"0":0,"1":0,"2":0,"3":0,"4":0,"5":0},"f":{},"b":{}}
,"/Users/nhatle/Documents/vtmp/dine-with-locals/server/src/routes/LikeRoutes.ts": {"path":"/Users/nhatle/Documents/vtmp/dine-with-locals/server/src/routes/LikeRoutes.ts","statementMap":{"0":{"start":{"line":1,"column":0},"end":{"line":1,"column":30}},"1":{"start":{"line":2,"column":0},"end":{"line":2,"column":null}},"2":{"start":{"line":9,"column":15},"end":{"line":9,"column":31}},"3":{"start":{"line":12,"column":0},"end":{"line":12,"column":29}},"4":{"start":{"line":15,"column":0},"end":{"line":15,"column":27}},"5":{"start":{"line":18,"column":0},"end":{"line":18,"column":38}},"6":{"start":{"line":21,"column":0},"end":{"line":21,"column":46}},"7":{"start":{"line":23,"column":0},"end":{"line":23,"column":22}}},"fnMap":{},"branchMap":{},"s":{"0":0,"1":0,"2":0,"3":0,"4":0,"5":0,"6":0,"7":0},"f":{},"b":{}}
,"/Users/nhatle/Documents/vtmp/dine-with-locals/server/src/routes/ListingRoutes.ts": {"path":"/Users/nhatle/Documents/vtmp/dine-with-locals/server/src/routes/ListingRoutes.ts","statementMap":{"0":{"start":{"line":1,"column":0},"end":{"line":1,"column":30}},"1":{"start":{"line":2,"column":0},"end":{"line":2,"column":null}},"2":{"start":{"line":12,"column":15},"end":{"line":12,"column":31}},"3":{"start":{"line":15,"column":0},"end":{"line":15,"column":31}},"4":{"start":{"line":18,"column":0},"end":{"line":18,"column":41}},"5":{"start":{"line":21,"column":0},"end":{"line":21,"column":49}},"6":{"start":{"line":24,"column":0},"end":{"line":24,"column":42}},"7":{"start":{"line":27,"column":0},"end":{"line":27,"column":32}},"8":{"start":{"line":30,"column":0},"end":{"line":30,"column":41}},"9":{"start":{"line":33,"column":0},"end":{"line":33,"column":44}},"10":{"start":{"line":35,"column":0},"end":{"line":35,"column":22}}},"fnMap":{},"branchMap":{},"s":{"0":0,"1":0,"2":0,"3":0,"4":0,"5":0,"6":0,"7":0,"8":0,"9":0,"10":0},"f":{},"b":{}}
,"/Users/nhatle/Documents/vtmp/dine-with-locals/server/src/routes/LocationRoutes.ts": {"path":"/Users/nhatle/Documents/vtmp/dine-with-locals/server/src/routes/LocationRoutes.ts","statementMap":{"0":{"start":{"line":1,"column":0},"end":{"line":1,"column":30}},"1":{"start":{"line":2,"column":0},"end":{"line":2,"column":null}},"2":{"start":{"line":10,"column":15},"end":{"line":10,"column":31}},"3":{"start":{"line":13,"column":0},"end":{"line":13,"column":33}},"4":{"start":{"line":16,"column":0},"end":{"line":16,"column":50}},"5":{"start":{"line":19,"column":0},"end":{"line":19,"column":42}},"6":{"start":{"line":22,"column":0},"end":{"line":22,"column":44}},"7":{"start":{"line":25,"column":0},"end":{"line":25,"column":56}},"8":{"start":{"line":27,"column":0},"end":{"line":27,"column":22}}},"fnMap":{},"branchMap":{},"s":{"0":0,"1":0,"2":0,"3":0,"4":0,"5":0,"6":0,"7":0,"8":0},"f":{},"b":{}}
,"/Users/nhatle/Documents/vtmp/dine-with-locals/server/src/routes/MatchRoutes.ts": {"path":"/Users/nhatle/Documents/vtmp/dine-with-locals/server/src/routes/MatchRoutes.ts","statementMap":{"0":{"start":{"line":1,"column":0},"end":{"line":1,"column":30}},"1":{"start":{"line":2,"column":0},"end":{"line":2,"column":72}},"2":{"start":{"line":4,"column":15},"end":{"line":4,"column":31}},"3":{"start":{"line":7,"column":0},"end":{"line":7,"column":43}},"4":{"start":{"line":9,"column":0},"end":{"line":9,"column":22}}},"fnMap":{},"branchMap":{},"s":{"0":0,"1":0,"2":0,"3":0,"4":0},"f":{},"b":{}}
,"/Users/nhatle/Documents/vtmp/dine-with-locals/server/src/routes/MessageRoutes.ts": {"path":"/Users/nhatle/Documents/vtmp/dine-with-locals/server/src/routes/MessageRoutes.ts","statementMap":{"0":{"start":{"line":1,"column":0},"end":{"line":1,"column":53}},"1":{"start":{"line":2,"column":0},"end":{"line":2,"column":66}},"2":{"start":{"line":3,"column":0},"end":{"line":3,"column":80}},"3":{"start":{"line":5,"column":15},"end":{"line":5,"column":31}},"4":{"start":{"line":7,"column":0},"end":{"line":7,"column":46}},"5":{"start":{"line":8,"column":0},"end":{"line":8,"column":52}},"6":{"start":{"line":10,"column":0},"end":{"line":10,"column":22}}},"fnMap":{},"branchMap":{},"s":{"0":0,"1":0,"2":0,"3":0,"4":0,"5":0,"6":0},"f":{},"b":{}}
,"/Users/nhatle/Documents/vtmp/dine-with-locals/server/src/routes/NotificationRoutes.ts": {"path":"/Users/nhatle/Documents/vtmp/dine-with-locals/server/src/routes/NotificationRoutes.ts","statementMap":{"0":{"start":{"line":1,"column":0},"end":{"line":1,"column":30}},"1":{"start":{"line":2,"column":0},"end":{"line":2,"column":null}},"2":{"start":{"line":10,"column":15},"end":{"line":10,"column":31}},"3":{"start":{"line":13,"column":0},"end":{"line":13,"column":50}},"4":{"start":{"line":16,"column":0},"end":{"line":16,"column":69}},"5":{"start":{"line":19,"column":0},"end":{"line":19,"column":62}},"6":{"start":{"line":22,"column":0},"end":{"line":22,"column":67}},"7":{"start":{"line":25,"column":0},"end":{"line":25,"column":63}},"8":{"start":{"line":27,"column":0},"end":{"line":27,"column":22}}},"fnMap":{},"branchMap":{},"s":{"0":0,"1":0,"2":0,"3":0,"4":0,"5":0,"6":0,"7":0,"8":0},"f":{},"b":{}}
,"/Users/nhatle/Documents/vtmp/dine-with-locals/server/src/routes/RequestRoutes.ts": {"path":"/Users/nhatle/Documents/vtmp/dine-with-locals/server/src/routes/RequestRoutes.ts","statementMap":{"0":{"start":{"line":1,"column":0},"end":{"line":1,"column":30}},"1":{"start":{"line":2,"column":0},"end":{"line":2,"column":null}},"2":{"start":{"line":6,"column":15},"end":{"line":6,"column":31}},"3":{"start":{"line":9,"column":0},"end":{"line":9,"column":31}},"4":{"start":{"line":12,"column":0},"end":{"line":12,"column":41}},"5":{"start":{"line":14,"column":0},"end":{"line":14,"column":22}}},"fnMap":{},"branchMap":{},"s":{"0":0,"1":0,"2":0,"3":0,"4":0,"5":0},"f":{},"b":{}}
,"/Users/nhatle/Documents/vtmp/dine-with-locals/server/src/routes/ReviewRoutes.ts": {"path":"/Users/nhatle/Documents/vtmp/dine-with-locals/server/src/routes/ReviewRoutes.ts","statementMap":{"0":{"start":{"line":2,"column":0},"end":{"line":2,"column":30}},"1":{"start":{"line":3,"column":0},"end":{"line":3,"column":null}},"2":{"start":{"line":13,"column":15},"end":{"line":13,"column":31}},"3":{"start":{"line":16,"column":0},"end":{"line":16,"column":31}},"4":{"start":{"line":19,"column":0},"end":{"line":19,"column":48}},"5":{"start":{"line":22,"column":0},"end":{"line":22,"column":60}},"6":{"start":{"line":25,"column":0},"end":{"line":25,"column":34}},"7":{"start":{"line":28,"column":0},"end":{"line":28,"column":31}},"8":{"start":{"line":31,"column":0},"end":{"line":31,"column":33}},"9":{"start":{"line":34,"column":0},"end":{"line":34,"column":36}},"10":{"start":{"line":36,"column":0},"end":{"line":36,"column":22}}},"fnMap":{},"branchMap":{},"s":{"0":0,"1":0,"2":0,"3":0,"4":0,"5":0,"6":0,"7":0,"8":0,"9":0,"10":0},"f":{},"b":{}}
,"/Users/nhatle/Documents/vtmp/dine-with-locals/server/src/routes/UserRoutes.ts": {"path":"/Users/nhatle/Documents/vtmp/dine-with-locals/server/src/routes/UserRoutes.ts","statementMap":{"0":{"start":{"line":1,"column":0},"end":{"line":1,"column":30}},"1":{"start":{"line":2,"column":0},"end":{"line":2,"column":null}},"2":{"start":{"line":8,"column":15},"end":{"line":8,"column":31}},"3":{"start":{"line":11,"column":0},"end":{"line":11,"column":29}},"4":{"start":{"line":14,"column":0},"end":{"line":14,"column":36}},"5":{"start":{"line":17,"column":0},"end":{"line":17,"column":35}},"6":{"start":{"line":19,"column":0},"end":{"line":19,"column":22}}},"fnMap":{},"branchMap":{},"s":{"0":0,"1":0,"2":0,"3":0,"4":0,"5":0,"6":0},"f":{},"b":{}}
,"/Users/nhatle/Documents/vtmp/dine-with-locals/server/src/routes/uploadRoutes.ts": {"path":"/Users/nhatle/Documents/vtmp/dine-with-locals/server/src/routes/uploadRoutes.ts","statementMap":{"0":{"start":{"line":1,"column":0},"end":{"line":1,"column":30}},"1":{"start":{"line":2,"column":0},"end":{"line":2,"column":null}},"2":{"start":{"line":7,"column":15},"end":{"line":7,"column":31}},"3":{"start":{"line":10,"column":0},"end":{"line":10,"column":37}},"4":{"start":{"line":13,"column":0},"end":{"line":13,"column":41}},"5":{"start":{"line":15,"column":0},"end":{"line":15,"column":22}}},"fnMap":{},"branchMap":{},"s":{"0":0,"1":0,"2":0,"3":0,"4":0,"5":0},"f":{},"b":{}}
,"/Users/nhatle/Documents/vtmp/dine-with-locals/server/src/services/UploadService.ts": {"path":"/Users/nhatle/Documents/vtmp/dine-with-locals/server/src/services/UploadService.ts","statementMap":{"0":{"start":{"line":1,"column":0},"end":{"line":1,"column":26}},"1":{"start":{"line":3,"column":16},"end":{"line":3,"column":66}},"2":{"start":{"line":5,"column":27},"end":{"line":32,"column":1}},"3":{"start":{"line":9,"column":2},"end":{"line":9,"column":31}},"4":{"start":{"line":9,"column":21},"end":{"line":9,"column":31}},"5":{"start":{"line":11,"column":19},"end":{"line":11,"column":33}},"6":{"start":{"line":13,"column":2},"end":{"line":15,"column":5}},"7":{"start":{"line":14,"column":4},"end":{"line":14,"column":37}},"8":{"start":{"line":17,"column":2},"end":{"line":17,"column":52}},"9":{"start":{"line":19,"column":2},"end":{"line":31,"column":3}},"10":{"start":{"line":20,"column":21},"end":{"line":24,"column":6}},"11":{"start":{"line":26,"column":4},"end":{"line":26,"column":73}},"12":{"start":{"line":27,"column":4},"end":{"line":27,"column":35}},"13":{"start":{"line":29,"column":4},"end":{"line":29,"column":51}},"14":{"start":{"line":30,"column":4},"end":{"line":30,"column":16}},"15":{"start":{"line":5,"column":13},"end":{"line":5,"column":27}}},"fnMap":{"0":{"name":"(anonymous_1)","decl":{"start":{"line":5,"column":27},"end":{"line":5,"column":32}},"loc":{"start":{"line":8,"column":23},"end":{"line":32,"column":1}}},"1":{"name":"(anonymous_2)","decl":{"start":{"line":13,"column":16},"end":{"line":13,"column":17}},"loc":{"start":{"line":13,"column":25},"end":{"line":15,"column":3}}}},"branchMap":{"0":{"loc":{"start":{"line":3,"column":16},"end":{"line":3,"column":66}},"type":"binary-expr","locations":[{"start":{"line":3,"column":16},"end":{"line":3,"column":35}},{"start":{"line":3,"column":39},"end":{"line":3,"column":66}}]},"1":{"loc":{"start":{"line":7,"column":2},"end":{"line":7,"column":30}},"type":"default-arg","locations":[{"start":{"line":7,"column":22},"end":{"line":7,"column":30}}]},"2":{"loc":{"start":{"line":9,"column":2},"end":{"line":9,"column":31}},"type":"if","locations":[{"start":{"line":9,"column":2},"end":{"line":9,"column":31}},{"start":{},"end":{}}]}},"s":{"0":0,"1":0,"2":0,"3":0,"4":0,"5":0,"6":0,"7":0,"8":0,"9":0,"10":0,"11":0,"12":0,"13":0,"14":0,"15":0},"f":{"0":0,"1":0},"b":{"0":[0,0],"1":[0],"2":[0,0]}}
}
