TN:
SF:src/app.ts
FN:78,(anonymous_0)
FNF:1
FNH:0
FNDA:0,(anonymous_0)
DA:38,0
DA:39,0
DA:42,0
DA:45,0
DA:48,0
DA:51,0
DA:53,0
DA:60,0
DA:61,0
DA:62,0
DA:63,0
DA:64,0
DA:65,0
DA:66,0
DA:67,0
DA:68,0
DA:69,0
DA:70,0
DA:71,0
DA:72,0
DA:73,0
DA:74,0
DA:77,0
DA:78,0
DA:79,0
DA:80,0
LF:26
LH:0
BRDA:77,0,0,0
BRDA:77,0,1,0
BRF:2
BRH:0
end_of_record
TN:
SF:src/config/cloudinary.ts
FNF:0
FNH:0
DA:6,0
DA:13,0
DA:17,0
LF:3
LH:0
BRF:0
BRH:0
end_of_record
TN:
SF:src/config/mongo.ts
FN:5,(anonymous_0)
FNF:1
FNH:0
FNDA:0,(anonymous_0)
DA:2,0
DA:5,0
DA:6,0
DA:8,0
DA:10,0
DA:13,0
DA:16,0
DA:19,0
DA:21,0
DA:22,0
DA:23,0
LF:11
LH:0
BRDA:8,0,0,0
BRDA:8,0,1,0
BRDA:17,1,0,0
BRDA:17,1,1,0
BRDA:22,2,0,0
BRDA:22,2,1,0
BRF:6
BRH:0
end_of_record
TN:
SF:src/config/socket.ts
FN:12,(anonymous_0)
FN:23,(anonymous_1)
FN:52,(anonymous_2)
FN:70,(anonymous_3)
FN:80,(anonymous_4)
FN:99,(anonymous_5)
FN:112,(anonymous_6)
FN:122,(anonymous_7)
FN:144,(anonymous_8)
FN:149,(anonymous_9)
FN:155,(anonymous_10)
FN:168,(anonymous_11)
FN:183,(anonymous_12)
FNF:13
FNH:0
FNDA:0,(anonymous_0)
FNDA:0,(anonymous_1)
FNDA:0,(anonymous_2)
FNDA:0,(anonymous_3)
FNDA:0,(anonymous_4)
FNDA:0,(anonymous_5)
FNDA:0,(anonymous_6)
FNDA:0,(anonymous_7)
FNDA:0,(anonymous_8)
FNDA:0,(anonymous_9)
FNDA:0,(anonymous_10)
FNDA:0,(anonymous_11)
FNDA:0,(anonymous_12)
DA:8,0
DA:10,0
DA:12,0
DA:13,0
DA:23,0
DA:24,0
DA:25,0
DA:27,0
DA:28,0
DA:30,0
DA:31,0
DA:34,0
DA:35,0
DA:38,0
DA:39,0
DA:40,0
DA:43,0
DA:44,0
DA:45,0
DA:47,0
DA:48,0
DA:52,0
DA:53,0
DA:57,0
DA:58,0
DA:59,0
DA:63,0
DA:70,0
DA:71,0
DA:72,0
DA:80,0
DA:81,0
DA:82,0
DA:85,0
DA:92,0
DA:99,0
DA:100,0
DA:101,0
DA:104,0
DA:112,0
DA:113,0
DA:114,0
DA:122,0
DA:123,0
DA:124,0
DA:126,0
DA:134,0
DA:137,0
DA:144,0
DA:145,0
DA:149,0
DA:150,0
DA:155,0
DA:156,0
DA:157,0
DA:160,0
DA:168,0
DA:169,0
DA:170,0
DA:173,0
DA:181,0
DA:184,0
DA:186,0
DA:187,0
DA:188,0
DA:189,0
DA:193,0
DA:194,0
DA:198,0
DA:202,0
DA:207,0
DA:214,0
DA:217,0
DA:222,0
DA:225,0
DA:226,0
DA:228,0
DA:229,0
DA:235,0
LF:79
LH:0
BRDA:27,0,0,0
BRDA:27,0,1,0
BRDA:30,1,0,0
BRDA:30,1,1,0
BRDA:35,2,0,0
BRDA:35,2,1,0
BRDA:39,3,0,0
BRDA:39,3,1,0
BRDA:57,4,0,0
BRDA:57,4,1,0
BRDA:127,5,0,0
BRDA:127,5,1,0
BRDA:187,6,0,0
BRDA:187,6,1,0
BRDA:193,7,0,0
BRDA:193,7,1,0
BRDA:194,8,0,0
BRDA:194,8,1,0
BRDA:195,9,0,0
BRDA:195,9,1,0
BRF:20
BRH:0
end_of_record
TN:
SF:src/controllers/AuthController.ts
FN:16,(anonymous_1)
FN:25,(anonymous_2)
FN:72,(anonymous_3)
FN:109,(anonymous_4)
FNF:4
FNH:3
FNDA:1,(anonymous_1)
FNDA:0,(anonymous_2)
FNDA:3,(anonymous_3)
FNDA:3,(anonymous_4)
DA:1,7
DA:3,7
DA:4,7
DA:5,7
DA:6,7
DA:7,7
DA:8,7
DA:16,7
DA:17,1
DA:25,7
DA:26,0
DA:28,0
DA:30,0
DA:33,0
DA:37,0
DA:38,0
DA:40,0
DA:43,0
DA:44,0
DA:53,0
DA:55,0
DA:56,0
DA:58,0
DA:72,7
DA:73,3
DA:75,3
DA:76,0
DA:79,3
DA:81,3
DA:82,1
DA:85,2
DA:86,2
DA:87,1
DA:90,1
DA:92,1
DA:93,1
DA:95,0
DA:109,7
DA:110,3
DA:121,3
DA:123,3
DA:124,3
DA:125,1
DA:129,2
DA:131,2
DA:133,1
DA:146,1
DA:149,2
DA:150,2
LF:49
LH:34
BRDA:43,0,0,0
BRDA:43,0,1,0
BRDA:75,1,0,0
BRDA:75,1,1,3
BRDA:75,2,0,3
BRDA:75,2,1,3
BRDA:81,3,0,1
BRDA:81,3,1,2
BRDA:86,4,0,1
BRDA:86,4,1,1
BRDA:124,5,0,1
BRDA:124,5,1,2
BRF:12
BRH:9
end_of_record
TN:
SF:src/controllers/BlogController.ts
FN:6,(anonymous_1)
FN:24,(anonymous_2)
FN:50,(anonymous_3)
FN:108,(anonymous_4)
FN:173,(anonymous_5)
FN:204,(anonymous_6)
FNF:6
FNH:6
FNDA:3,(anonymous_1)
FNDA:4,(anonymous_2)
FNDA:8,(anonymous_3)
FNDA:8,(anonymous_4)
FNDA:4,(anonymous_5)
FNDA:4,(anonymous_6)
DA:2,7
DA:3,7
DA:6,7
DA:10,3
DA:11,3
DA:16,2
DA:18,1
DA:19,1
DA:24,7
DA:28,4
DA:29,4
DA:32,4
DA:33,1
DA:34,1
DA:37,3
DA:42,2
DA:44,1
DA:45,1
DA:50,7
DA:54,8
DA:55,8
DA:57,8
DA:60,8
DA:61,3
DA:64,3
DA:68,5
DA:69,1
DA:70,1
DA:74,4
DA:75,1
DA:76,1
DA:79,3
DA:87,3
DA:90,2
DA:95,2
DA:96,0
DA:97,0
DA:100,2
DA:102,1
DA:103,1
DA:108,7
DA:112,8
DA:113,8
DA:114,8
DA:117,8
DA:118,1
DA:119,1
DA:123,7
DA:124,1
DA:128,1
DA:132,6
DA:137,1
DA:138,1
DA:142,5
DA:143,4
DA:144,1
DA:145,1
DA:149,3
DA:150,3
DA:151,3
DA:152,3
DA:153,3
DA:156,3
DA:160,3
DA:161,0
DA:162,0
DA:165,3
DA:167,1
DA:168,1
DA:173,7
DA:177,4
DA:178,4
DA:181,4
DA:182,1
DA:183,1
DA:187,3
DA:188,2
DA:189,1
DA:190,1
DA:194,1
DA:196,1
DA:198,1
DA:199,1
DA:204,7
DA:208,4
DA:209,4
DA:212,4
DA:213,1
DA:216,4
DA:220,2
DA:221,1
DA:224,2
DA:226,3
DA:227,3
LF:94
LH:90
BRDA:32,0,0,1
BRDA:32,0,1,3
BRDA:60,1,0,3
BRDA:60,1,1,5
BRDA:60,2,0,8
BRDA:60,2,1,7
BRDA:60,2,2,6
BRDA:68,3,0,1
BRDA:68,3,1,4
BRDA:74,4,0,1
BRDA:74,4,1,3
BRDA:74,5,0,4
BRDA:74,5,1,2
BRDA:83,6,0,3
BRDA:83,6,1,2
BRDA:84,7,0,3
BRDA:84,7,1,2
BRDA:95,8,0,0
BRDA:95,8,1,2
BRDA:117,9,0,1
BRDA:117,9,1,7
BRDA:123,10,0,1
BRDA:123,10,1,6
BRDA:123,11,0,7
BRDA:123,11,1,3
BRDA:123,11,2,2
BRDA:123,11,3,2
BRDA:132,12,0,1
BRDA:132,12,1,5
BRDA:133,13,0,6
BRDA:133,13,1,2
BRDA:133,13,2,1
BRDA:143,14,0,1
BRDA:143,14,1,3
BRDA:150,15,0,2
BRDA:150,15,1,1
BRDA:151,16,0,2
BRDA:151,16,1,1
BRDA:152,17,0,1
BRDA:152,17,1,2
BRDA:153,18,0,1
BRDA:153,18,1,2
BRDA:153,19,0,1
BRDA:153,19,1,1
BRDA:160,20,0,0
BRDA:160,20,1,3
BRDA:181,21,0,1
BRDA:181,21,1,3
BRDA:188,22,0,1
BRDA:188,22,1,1
BRDA:212,23,0,1
BRDA:212,23,1,3
BRDA:220,24,0,1
BRDA:220,24,1,1
BRF:54
BRH:52
end_of_record
TN:
SF:src/controllers/BlogControllers.ts
FN:7,(anonymous_0)
FN:24,(anonymous_1)
FN:54,(anonymous_2)
FNF:3
FNH:0
FNDA:0,(anonymous_0)
FNDA:0,(anonymous_1)
FNDA:0,(anonymous_2)
DA:7,0
DA:11,0
DA:12,0
DA:16,0
DA:18,0
DA:19,0
DA:24,0
DA:28,0
DA:29,0
DA:32,0
DA:33,0
DA:34,0
DA:37,0
DA:41,0
DA:43,0
DA:46,0
DA:54,0
DA:58,0
DA:59,0
DA:62,0
DA:63,0
DA:64,0
DA:67,0
DA:72,0
DA:73,0
DA:74,0
DA:77,0
DA:79,0
DA:80,0
LF:29
LH:0
BRDA:32,0,0,0
BRDA:32,0,1,0
BRDA:48,1,0,0
BRDA:48,1,1,0
BRDA:62,2,0,0
BRDA:62,2,1,0
BRDA:72,3,0,0
BRDA:72,3,1,0
BRF:8
BRH:0
end_of_record
TN:
SF:src/controllers/ChatControllers.ts
FN:14,(anonymous_0)
FN:108,(anonymous_1)
FN:132,(anonymous_2)
FN:197,(anonymous_3)
FN:239,(anonymous_4)
FNF:5
FNH:0
FNDA:0,(anonymous_0)
FNDA:0,(anonymous_1)
FNDA:0,(anonymous_2)
FNDA:0,(anonymous_3)
FNDA:0,(anonymous_4)
DA:13,0
DA:15,0
DA:16,0
DA:22,0
DA:23,0
DA:24,0
DA:25,0
DA:26,0
DA:29,0
DA:30,0
DA:31,0
DA:32,0
DA:36,0
DA:66,0
DA:68,0
DA:69,0
DA:72,0
DA:79,0
DA:80,0
DA:81,0
DA:96,0
DA:97,0
DA:99,0
DA:100,0
DA:101,0
DA:107,0
DA:109,0
DA:111,0
DA:112,0
DA:113,0
DA:116,0
DA:117,0
DA:118,0
DA:119,0
DA:121,0
DA:122,0
DA:125,0
DA:128,0
DA:132,0
DA:134,0
DA:136,0
DA:141,0
DA:142,0
DA:143,0
DA:145,0
DA:160,0
DA:162,0
DA:170,0
DA:171,0
DA:172,0
DA:187,0
DA:189,0
DA:190,0
DA:196,0
DA:198,0
DA:199,0
DA:200,0
DA:229,0
DA:231,0
DA:232,0
DA:233,0
DA:238,0
DA:240,0
DA:241,0
DA:242,0
DA:255,0
DA:257,0
DA:258,0
DA:259,0
LF:69
LH:0
BRDA:23,0,0,0
BRDA:23,0,1,0
BRDA:29,1,0,0
BRDA:29,1,1,0
BRDA:68,2,0,0
BRDA:68,2,1,0
BRDA:111,3,0,0
BRDA:111,3,1,0
BRDA:117,4,0,0
BRDA:117,4,1,0
BRDA:121,5,0,0
BRDA:121,5,1,0
BRDA:141,6,0,0
BRDA:141,6,1,0
BRF:14
BRH:0
end_of_record
TN:
SF:src/controllers/CommentController.ts
FN:9,(anonymous_0)
FN:108,(anonymous_1)
FNF:2
FNH:0
FNDA:0,(anonymous_0)
FNDA:0,(anonymous_1)
DA:9,0
DA:13,0
DA:14,0
DA:17,0
DA:18,0
DA:21,0
DA:25,0
DA:29,0
DA:30,0
DA:34,0
DA:35,0
DA:36,0
DA:37,0
DA:41,0
DA:42,0
DA:43,0
DA:44,0
DA:48,0
DA:54,0
DA:57,0
DA:60,0
DA:61,0
DA:70,0
DA:73,0
DA:74,0
DA:75,0
DA:79,0
DA:80,0
DA:95,0
DA:100,0
DA:102,0
DA:103,0
DA:108,0
DA:112,0
DA:113,0
DA:116,0
DA:117,0
DA:121,0
DA:125,0
DA:127,0
DA:128,0
LF:41
LH:0
BRDA:17,0,0,0
BRDA:17,0,1,0
BRDA:17,1,0,0
BRDA:17,1,1,0
BRDA:17,1,2,0
BRDA:25,2,0,0
BRDA:25,2,1,0
BRDA:26,3,0,0
BRDA:26,3,1,0
BRDA:35,4,0,0
BRDA:35,4,1,0
BRDA:42,5,0,0
BRDA:42,5,1,0
BRDA:60,6,0,0
BRDA:60,6,1,0
BRDA:65,7,0,0
BRDA:65,7,1,0
BRDA:65,8,0,0
BRDA:65,8,1,0
BRDA:74,9,0,0
BRDA:74,9,1,0
BRDA:79,10,0,0
BRDA:79,10,1,0
BRDA:116,11,0,0
BRDA:116,11,1,0
BRF:25
BRH:0
end_of_record
TN:
SF:src/controllers/FilterController.ts
FN:6,(anonymous_0)
FN:100,(anonymous_1)
FNF:2
FNH:0
FNDA:0,(anonymous_0)
FNDA:0,(anonymous_1)
DA:6,0
DA:15,0
DA:16,0
DA:17,0
DA:18,0
DA:21,0
DA:23,0
DA:24,0
DA:25,0
DA:26,0
DA:27,0
DA:28,0
DA:29,0
DA:30,0
DA:32,0
DA:33,0
DA:40,0
DA:42,0
DA:91,0
DA:92,0
DA:93,0
DA:94,0
DA:96,0
DA:100,0
DA:109,0
DA:110,0
DA:111,0
DA:113,0
DA:114,0
DA:115,0
DA:117,0
DA:118,0
DA:121,0
DA:122,0
DA:124,0
DA:125,0
DA:127,0
DA:128,0
DA:129,0
DA:130,0
DA:132,0
DA:133,0
DA:140,0
DA:141,0
DA:187,0
DA:188,0
DA:189,0
DA:190,0
DA:192,0
DA:193,0
DA:194,0
LF:51
LH:0
BRDA:16,0,0,0
BRDA:16,0,1,0
BRDA:23,1,0,0
BRDA:23,1,1,0
BRDA:24,2,0,0
BRDA:24,2,1,0
BRDA:25,3,0,0
BRDA:25,3,1,0
BRDA:26,4,0,0
BRDA:26,4,1,0
BRDA:27,5,0,0
BRDA:27,5,1,0
BRDA:29,6,0,0
BRDA:29,6,1,0
BRDA:32,7,0,0
BRDA:32,7,1,0
BRDA:32,8,0,0
BRDA:32,8,1,0
BRDA:110,9,0,0
BRDA:110,9,1,0
BRDA:114,10,0,0
BRDA:114,10,1,0
BRDA:117,11,0,0
BRDA:117,11,1,0
BRDA:121,12,0,0
BRDA:121,12,1,0
BRDA:124,13,0,0
BRDA:124,13,1,0
BRDA:127,14,0,0
BRDA:127,14,1,0
BRDA:127,15,0,0
BRDA:127,15,1,0
BRDA:129,16,0,0
BRDA:129,16,1,0
BRDA:132,17,0,0
BRDA:132,17,1,0
BRDA:132,18,0,0
BRDA:132,18,1,0
BRDA:193,19,0,0
BRDA:193,19,1,0
BRF:40
BRH:0
end_of_record
TN:
SF:src/controllers/LikeController.ts
FN:9,(anonymous_0)
FN:102,(anonymous_1)
FN:129,(anonymous_2)
FN:156,(anonymous_3)
FNF:4
FNH:0
FNDA:0,(anonymous_0)
FNDA:0,(anonymous_1)
FNDA:0,(anonymous_2)
FNDA:0,(anonymous_3)
DA:9,0
DA:13,0
DA:14,0
DA:17,0
DA:18,0
DA:19,0
DA:23,0
DA:27,0
DA:28,0
DA:32,0
DA:33,0
DA:34,0
DA:35,0
DA:39,0
DA:40,0
DA:41,0
DA:42,0
DA:46,0
DA:47,0
DA:48,0
DA:49,0
DA:53,0
DA:54,0
DA:57,0
DA:60,0
DA:61,0
DA:70,0
DA:73,0
DA:74,0
DA:75,0
DA:79,0
DA:80,0
DA:94,0
DA:96,0
DA:97,0
DA:102,0
DA:103,0
DA:104,0
DA:107,0
DA:108,0
DA:112,0
DA:114,0
DA:115,0
DA:119,0
DA:121,0
DA:123,0
DA:124,0
DA:129,0
DA:133,0
DA:134,0
DA:137,0
DA:138,0
DA:139,0
DA:143,0
DA:148,0
DA:150,0
DA:151,0
DA:156,0
DA:160,0
DA:161,0
DA:164,0
DA:165,0
DA:169,0
DA:174,0
DA:176,0
DA:177,0
LF:66
LH:0
BRDA:17,0,0,0
BRDA:17,0,1,0
BRDA:17,1,0,0
BRDA:17,1,1,0
BRDA:23,2,0,0
BRDA:23,2,1,0
BRDA:24,3,0,0
BRDA:24,3,1,0
BRDA:33,4,0,0
BRDA:33,4,1,0
BRDA:40,5,0,0
BRDA:40,5,1,0
BRDA:47,6,0,0
BRDA:47,6,1,0
BRDA:60,7,0,0
BRDA:60,7,1,0
BRDA:65,8,0,0
BRDA:65,8,1,0
BRDA:74,9,0,0
BRDA:74,9,1,0
BRDA:79,10,0,0
BRDA:79,10,1,0
BRDA:107,11,0,0
BRDA:107,11,1,0
BRDA:107,12,0,0
BRDA:107,12,1,0
BRDA:114,13,0,0
BRDA:114,13,1,0
BRDA:137,14,0,0
BRDA:137,14,1,0
BRDA:137,15,0,0
BRDA:137,15,1,0
BRDA:164,16,0,0
BRDA:164,16,1,0
BRF:34
BRH:0
end_of_record
TN:
SF:src/controllers/ListingController.ts
FN:10,(anonymous_1)
FN:49,(anonymous_2)
FN:107,(anonymous_3)
FN:128,(anonymous_4)
FN:149,(anonymous_5)
FN:163,(anonymous_6)
FN:179,(anonymous_7)
FN:225,(anonymous_8)
FN:263,(anonymous_9)
FN:292,toRadians
FN:297,calculateDistance
FN:319,(anonymous_12)
FNF:12
FNH:6
FNDA:4,(anonymous_1)
FNDA:3,(anonymous_2)
FNDA:0,(anonymous_3)
FNDA:0,(anonymous_4)
FNDA:0,(anonymous_5)
FNDA:0,(anonymous_6)
FNDA:2,(anonymous_7)
FNDA:2,(anonymous_8)
FNDA:1,(anonymous_9)
FNDA:0,toRadians
FNDA:0,calculateDistance
FNDA:1,(anonymous_12)
DA:2,7
DA:3,7
DA:4,7
DA:10,7
DA:14,4
DA:15,4
DA:18,4
DA:19,1
DA:20,1
DA:23,3
DA:27,3
DA:28,1
DA:31,1
DA:34,2
DA:36,0
DA:37,0
DA:49,7
DA:53,3
DA:54,3
DA:56,3
DA:57,3
DA:60,3
DA:61,0
DA:62,0
DA:66,3
DA:67,3
DA:68,3
DA:71,2
DA:72,2
DA:73,2
DA:75,0
DA:76,0
DA:80,2
DA:81,2
DA:83,2
DA:84,0
DA:87,2
DA:90,2
DA:91,2
DA:93,2
DA:98,1
DA:99,1
DA:107,7
DA:111,0
DA:112,0
DA:114,0
DA:115,0
DA:118,0
DA:122,0
DA:128,0
DA:129,0
DA:130,0
DA:133,0
DA:141,0
DA:144,0
DA:148,0
DA:150,0
DA:151,0
DA:158,0
DA:163,0
DA:165,0
DA:167,0
DA:168,0
DA:179,7
DA:183,2
DA:184,2
DA:185,2
DA:188,2
DA:189,0
DA:190,0
DA:193,2
DA:201,2
DA:202,0
DA:205,0
DA:208,2
DA:213,0
DA:214,0
DA:225,7
DA:229,2
DA:230,2
DA:233,2
DA:234,0
DA:235,0
DA:238,2
DA:240,2
DA:241,0
DA:244,0
DA:247,2
DA:251,0
DA:252,0
DA:263,7
DA:267,1
DA:268,1
DA:271,1
DA:272,0
DA:273,0
DA:276,1
DA:281,1
DA:283,0
DA:284,0
DA:293,0
DA:303,0
DA:304,0
DA:305,0
DA:308,0
DA:314,0
DA:315,0
DA:319,7
DA:320,1
DA:321,1
DA:345,1
DA:347,0
DA:348,0
LF:113
LH:61
BRDA:18,0,0,1
BRDA:18,0,1,3
BRDA:27,1,0,1
BRDA:27,1,1,2
BRDA:60,2,0,0
BRDA:60,2,1,3
BRDA:71,3,0,2
BRDA:71,3,1,0
BRDA:80,4,0,2
BRDA:80,4,1,0
BRDA:83,5,0,0
BRDA:83,5,1,2
BRDA:112,6,0,0
BRDA:114,7,0,0
BRDA:114,7,1,0
BRDA:114,8,0,0
BRDA:114,8,1,0
BRDA:130,9,0,0
BRDA:130,9,1,0
BRDA:130,10,0,0
BRDA:130,10,1,0
BRDA:141,11,0,0
BRDA:141,11,1,0
BRDA:188,12,0,0
BRDA:188,12,1,2
BRDA:201,13,0,0
BRDA:201,13,1,2
BRDA:233,14,0,0
BRDA:233,14,1,2
BRDA:240,15,0,0
BRDA:240,15,1,2
BRDA:271,16,0,0
BRDA:271,16,1,1
BRF:33
BRH:13
end_of_record
TN:
SF:src/controllers/LocationController.ts
FN:6,(anonymous_1)
FN:42,(anonymous_2)
FN:79,(anonymous_3)
FN:130,(anonymous_4)
FN:152,(anonymous_5)
FN:195,(anonymous_6)
FN:212,toRadians
FN:216,(anonymous_8)
FNF:8
FNH:7
FNDA:4,(anonymous_1)
FNDA:4,(anonymous_2)
FNDA:6,(anonymous_3)
FNDA:7,(anonymous_4)
FNDA:16,(anonymous_5)
FNDA:3,(anonymous_6)
FNDA:64,toRadians
FNDA:0,(anonymous_8)
DA:2,7
DA:3,7
DA:4,7
DA:6,7
DA:10,4
DA:11,4
DA:12,4
DA:13,4
DA:17,3
DA:18,3
DA:29,2
DA:34,1
DA:42,7
DA:46,4
DA:47,4
DA:48,4
DA:51,4
DA:52,1
DA:53,1
DA:56,3
DA:58,2
DA:59,1
DA:62,1
DA:65,1
DA:67,1
DA:68,1
DA:79,7
DA:83,6
DA:84,6
DA:85,6
DA:88,6
DA:89,1
DA:90,1
DA:93,5
DA:94,2
DA:97,2
DA:100,3
DA:106,2
DA:107,1
DA:110,1
DA:113,1
DA:118,1
DA:119,1
DA:130,7
DA:134,7
DA:135,7
DA:137,7
DA:138,2
DA:141,2
DA:145,5
DA:152,4
DA:153,16
DA:156,16
DA:157,16
DA:160,16
DA:165,16
DA:171,16
DA:172,16
DA:175,16
DA:178,16
DA:181,4
DA:183,1
DA:184,1
DA:195,7
DA:199,3
DA:200,3
DA:201,2
DA:203,1
DA:204,1
DA:213,64
DA:216,7
DA:220,0
DA:221,0
DA:222,0
DA:224,0
DA:225,0
DA:227,0
DA:232,0
DA:233,0
LF:79
LH:71
BRDA:12,0,0,4
BRDA:12,0,1,3
BRDA:12,1,0,4
BRDA:12,1,1,3
BRDA:51,2,0,1
BRDA:51,2,1,3
BRDA:58,3,0,1
BRDA:58,3,1,1
BRDA:88,4,0,1
BRDA:88,4,1,5
BRDA:93,5,0,2
BRDA:93,5,1,3
BRDA:93,6,0,5
BRDA:93,6,1,4
BRDA:93,6,2,4
BRDA:106,7,0,1
BRDA:106,7,1,1
BRDA:135,8,0,5
BRDA:137,9,0,2
BRDA:137,9,1,5
BRDA:137,10,0,7
BRDA:137,10,1,6
BRDA:153,11,0,0
BRDA:153,11,1,16
BRDA:175,12,0,8
BRDA:175,12,1,8
BRF:26
BRH:25
end_of_record
TN:
SF:src/controllers/MatchControllers.ts
FN:5,(anonymous_0)
FNF:1
FNH:0
FNDA:0,(anonymous_0)
DA:5,0
DA:6,0
DA:7,0
DA:10,0
DA:11,0
DA:12,0
DA:15,0
DA:20,0
DA:22,0
DA:23,0
LF:10
LH:0
BRDA:10,0,0,0
BRDA:10,0,1,0
BRF:2
BRH:0
end_of_record
TN:
SF:src/controllers/MessageControllers.ts
FN:13,(anonymous_0)
FN:76,(anonymous_1)
FNF:2
FNH:0
FNDA:0,(anonymous_0)
FNDA:0,(anonymous_1)
DA:12,0
DA:14,0
DA:15,0
DA:16,0
DA:18,0
DA:19,0
DA:20,0
DA:21,0
DA:24,0
DA:25,0
DA:26,0
DA:27,0
DA:30,0
DA:31,0
DA:35,0
DA:38,0
DA:42,0
DA:49,0
DA:50,0
DA:51,0
DA:62,0
DA:66,0
DA:68,0
DA:69,0
DA:70,0
DA:75,0
DA:77,0
DA:78,0
DA:79,0
DA:80,0
DA:82,0
DA:89,0
DA:91,0
DA:92,0
LF:34
LH:0
BRDA:18,0,0,0
BRDA:18,0,1,0
BRDA:18,1,0,0
BRDA:18,1,1,0
BRDA:25,2,0,0
BRDA:25,2,1,0
BRDA:30,3,0,0
BRDA:30,3,1,0
BRDA:31,4,0,0
BRDA:31,4,1,0
BRDA:32,5,0,0
BRDA:32,5,1,0
BRDA:78,6,0,0
BRDA:78,6,1,0
BRDA:79,7,0,0
BRDA:79,7,1,0
BRF:16
BRH:0
end_of_record
TN:
SF:src/controllers/NotificationController.ts
FN:6,(anonymous_0)
FN:55,(anonymous_1)
FN:87,(anonymous_2)
FN:113,(anonymous_3)
FN:139,(anonymous_4)
FNF:5
FNH:0
FNDA:0,(anonymous_0)
FNDA:0,(anonymous_1)
FNDA:0,(anonymous_2)
FNDA:0,(anonymous_3)
FNDA:0,(anonymous_4)
DA:6,0
DA:10,0
DA:11,0
DA:12,0
DA:15,0
DA:16,0
DA:17,0
DA:20,0
DA:21,0
DA:22,0
DA:25,0
DA:32,0
DA:33,0
DA:38,0
DA:49,0
DA:50,0
DA:55,0
DA:59,0
DA:60,0
DA:63,0
DA:64,0
DA:65,0
DA:68,0
DA:74,0
DA:75,0
DA:76,0
DA:79,0
DA:81,0
DA:82,0
DA:87,0
DA:91,0
DA:92,0
DA:95,0
DA:96,0
DA:97,0
DA:100,0
DA:105,0
DA:107,0
DA:108,0
DA:113,0
DA:117,0
DA:118,0
DA:121,0
DA:122,0
DA:123,0
DA:126,0
DA:131,0
DA:133,0
DA:134,0
DA:139,0
DA:143,0
DA:144,0
DA:147,0
DA:148,0
DA:149,0
DA:152,0
DA:157,0
DA:162,0
DA:163,0
LF:59
LH:0
BRDA:12,0,0,0
BRDA:12,1,0,0
BRDA:12,2,0,0
BRDA:15,3,0,0
BRDA:15,3,1,0
BRDA:21,4,0,0
BRDA:21,4,1,0
BRDA:63,5,0,0
BRDA:63,5,1,0
BRDA:74,6,0,0
BRDA:74,6,1,0
BRDA:95,7,0,0
BRDA:95,7,1,0
BRDA:121,8,0,0
BRDA:121,8,1,0
BRDA:147,9,0,0
BRDA:147,9,1,0
BRF:17
BRH:0
end_of_record
TN:
SF:src/controllers/RequestController.ts
FN:5,calculateDistance
FN:27,toRadians
FN:31,(anonymous_3)
FN:68,(anonymous_4)
FN:90,(anonymous_5)
FN:113,(anonymous_6)
FN:127,(anonymous_7)
FNF:7
FNH:7
FNDA:4,calculateDistance
FNDA:16,toRadians
FNDA:1,(anonymous_3)
FNDA:1,(anonymous_4)
FNDA:2,(anonymous_5)
FNDA:2,(anonymous_6)
FNDA:1,(anonymous_7)
DA:2,7
DA:11,4
DA:12,4
DA:13,4
DA:16,4
DA:22,4
DA:23,4
DA:28,16
DA:31,7
DA:32,1
DA:33,1
DA:57,1
DA:59,0
DA:60,0
DA:68,7
DA:69,1
DA:70,1
DA:71,1
DA:73,1
DA:75,1
DA:76,0
DA:79,0
DA:81,1
DA:84,1
DA:90,1
DA:91,2
DA:92,2
DA:95,2
DA:103,2
DA:106,2
DA:109,1
DA:112,1
DA:114,2
DA:115,2
DA:122,2
DA:127,1
DA:128,1
DA:130,1
DA:132,0
DA:133,0
LF:40
LH:34
BRDA:73,0,0,0
BRDA:75,1,0,0
BRDA:75,1,1,1
BRDA:75,2,0,1
BRDA:75,2,1,1
BRDA:92,3,0,0
BRDA:92,3,1,2
BRDA:92,4,0,2
BRDA:92,4,1,2
BRDA:103,5,0,0
BRDA:103,5,1,2
BRF:11
BRH:7
end_of_record
TN:
SF:src/controllers/ReviewControllers.ts
FN:7,(anonymous_0)
FN:24,(anonymous_1)
FN:50,(anonymous_2)
FN:76,(anonymous_3)
FN:106,(anonymous_4)
FN:162,(anonymous_5)
FN:208,(anonymous_6)
FNF:7
FNH:0
FNDA:0,(anonymous_0)
FNDA:0,(anonymous_1)
FNDA:0,(anonymous_2)
FNDA:0,(anonymous_3)
FNDA:0,(anonymous_4)
FNDA:0,(anonymous_5)
FNDA:0,(anonymous_6)
DA:7,0
DA:11,0
DA:12,0
DA:16,0
DA:18,0
DA:19,0
DA:24,0
DA:28,0
DA:29,0
DA:32,0
DA:33,0
DA:34,0
DA:37,0
DA:42,0
DA:44,0
DA:45,0
DA:50,0
DA:54,0
DA:55,0
DA:58,0
DA:59,0
DA:60,0
DA:63,0
DA:68,0
DA:70,0
DA:71,0
DA:76,0
DA:80,0
DA:81,0
DA:84,0
DA:85,0
DA:86,0
DA:89,0
DA:93,0
DA:94,0
DA:95,0
DA:98,0
DA:100,0
DA:101,0
DA:106,0
DA:110,0
DA:111,0
DA:114,0
DA:115,0
DA:116,0
DA:120,0
DA:121,0
DA:124,0
DA:128,0
DA:129,0
DA:130,0
DA:134,0
DA:135,0
DA:136,0
DA:137,0
DA:140,0
DA:147,0
DA:150,0
DA:154,0
DA:156,0
DA:157,0
DA:162,0
DA:166,0
DA:167,0
DA:168,0
DA:171,0
DA:172,0
DA:173,0
DA:177,0
DA:181,0
DA:184,0
DA:187,0
DA:195,0
DA:196,0
DA:197,0
DA:200,0
DA:202,0
DA:203,0
DA:208,0
DA:212,0
DA:213,0
DA:216,0
DA:217,0
DA:218,0
DA:221,0
DA:223,0
DA:224,0
DA:225,0
DA:228,0
DA:230,0
DA:231,0
LF:91
LH:0
BRDA:32,0,0,0
BRDA:32,0,1,0
BRDA:58,1,0,0
BRDA:58,1,1,0
BRDA:84,2,0,0
BRDA:84,2,1,0
BRDA:93,3,0,0
BRDA:93,3,1,0
BRDA:114,4,0,0
BRDA:114,4,1,0
BRDA:114,5,0,0
BRDA:114,5,1,0
BRDA:114,5,2,0
BRDA:114,5,3,0
BRDA:120,6,0,0
BRDA:120,6,1,0
BRDA:120,7,0,0
BRDA:120,7,1,0
BRDA:120,7,2,0
BRDA:128,8,0,0
BRDA:128,8,1,0
BRDA:135,9,0,0
BRDA:135,9,1,0
BRDA:171,10,0,0
BRDA:171,10,1,0
BRDA:177,11,0,0
BRDA:177,11,1,0
BRDA:178,12,0,0
BRDA:178,12,1,0
BRDA:178,12,2,0
BRDA:178,12,3,0
BRDA:195,13,0,0
BRDA:195,13,1,0
BRDA:216,14,0,0
BRDA:216,14,1,0
BRDA:223,15,0,0
BRDA:223,15,1,0
BRF:37
BRH:0
end_of_record
TN:
SF:src/controllers/UploadController.ts
FN:9,(anonymous_0)
FN:11,(anonymous_1)
FN:24,(anonymous_2)
FN:34,(anonymous_3)
FN:39,(anonymous_4)
FNF:5
FNH:0
FNDA:0,(anonymous_0)
FNDA:0,(anonymous_1)
FNDA:0,(anonymous_2)
FNDA:0,(anonymous_3)
FNDA:0,(anonymous_4)
DA:9,0
DA:11,0
DA:12,0
DA:13,0
DA:14,0
DA:17,0
DA:19,0
DA:20,0
DA:24,0
DA:26,0
DA:34,0
DA:39,0
DA:40,0
DA:41,0
DA:42,0
DA:45,0
DA:47,0
DA:48,0
DA:51,0
LF:19
LH:0
BRDA:12,0,0,0
BRDA:12,0,1,0
BRDA:19,1,0,0
BRDA:19,1,1,0
BRDA:19,2,0,0
BRDA:19,2,1,0
BRDA:40,3,0,0
BRDA:40,3,1,0
BRDA:47,4,0,0
BRDA:47,4,1,0
BRF:10
BRH:0
end_of_record
TN:
SF:src/controllers/UserControllers.ts
FN:8,(anonymous_1)
FN:22,(anonymous_2)
FN:46,(anonymous_3)
FNF:3
FNH:3
FNDA:1,(anonymous_1)
FNDA:6,(anonymous_2)
FNDA:3,(anonymous_3)
DA:3,7
DA:5,7
DA:8,7
DA:12,1
DA:13,1
DA:14,1
DA:16,0
DA:17,0
DA:22,7
DA:26,6
DA:27,6
DA:29,6
DA:30,4
DA:31,4
DA:33,2
DA:34,2
DA:35,1
DA:36,1
DA:38,1
DA:40,0
DA:41,0
DA:46,7
DA:50,3
DA:51,3
DA:64,3
DA:67,3
DA:68,1
DA:69,1
DA:73,2
DA:74,2
DA:75,1
DA:76,1
DA:80,1
DA:81,1
DA:82,1
DA:83,1
DA:84,1
DA:85,1
DA:86,1
DA:87,1
DA:88,1
DA:89,1
DA:90,1
DA:91,1
DA:94,1
DA:99,1
DA:100,0
DA:101,0
DA:104,1
DA:106,0
DA:107,0
LF:51
LH:43
BRDA:29,0,0,4
BRDA:29,0,1,2
BRDA:34,1,0,1
BRDA:34,1,1,1
BRDA:67,2,0,1
BRDA:67,2,1,2
BRDA:74,3,0,1
BRDA:74,3,1,1
BRDA:81,4,0,1
BRDA:81,4,1,0
BRDA:82,5,0,1
BRDA:82,5,1,0
BRDA:83,6,0,0
BRDA:83,6,1,1
BRDA:84,7,0,0
BRDA:84,7,1,1
BRDA:85,8,0,0
BRDA:85,8,1,1
BRDA:86,9,0,0
BRDA:86,9,1,1
BRDA:87,10,0,1
BRDA:87,10,1,0
BRDA:88,11,0,0
BRDA:88,11,1,1
BRDA:89,12,0,0
BRDA:89,12,1,1
BRDA:90,13,0,1
BRDA:90,13,1,0
BRDA:91,14,0,0
BRDA:91,14,1,1
BRDA:99,15,0,0
BRDA:99,15,1,1
BRF:32
BRH:20
end_of_record
TN:
SF:src/middlewares/authMiddleware.ts
FN:12,(anonymous_1)
FNF:1
FNH:1
FNDA:15,(anonymous_1)
DA:2,7
DA:4,7
DA:6,7
DA:12,7
DA:17,15
DA:18,15
DA:19,15
DA:20,0
DA:21,0
DA:25,15
DA:26,15
DA:27,15
DA:28,15
DA:35,15
DA:37,0
DA:38,0
DA:39,0
DA:43,7
LF:18
LH:13
BRDA:6,0,0,7
BRDA:6,0,1,0
BRDA:19,1,0,0
BRDA:19,1,1,15
BRF:4
BRH:2
end_of_record
TN:
SF:src/models/Blog.ts
FNF:0
FNH:0
DA:1,7
DA:13,7
DA:51,7
LF:3
LH:3
BRF:0
BRH:0
end_of_record
TN:
SF:src/models/Chat.ts
FN:39,(anonymous_0)
FNF:1
FNH:0
FNDA:0,(anonymous_0)
DA:12,0
DA:40,0
LF:2
LH:0
BRF:0
BRH:0
end_of_record
TN:
SF:src/models/Comment.ts
FNF:0
FNH:0
DA:10,0
DA:32,0
LF:2
LH:0
BRF:0
BRH:0
end_of_record
TN:
SF:src/models/Like.ts
FNF:0
FNH:0
DA:9,0
DA:25,0
LF:2
LH:0
BRF:0
BRH:0
end_of_record
TN:
SF:src/models/Listing.ts
FNF:0
FNH:0
DA:1,7
DA:21,7
DA:89,7
LF:3
LH:3
BRF:0
BRH:0
end_of_record
TN:
SF:src/models/Location.ts
FNF:0
FNH:0
DA:1,7
DA:18,7
DA:64,7
LF:3
LH:3
BRF:0
BRH:0
end_of_record
TN:
SF:src/models/Match.ts
FNF:0
FNH:0
DA:12,0
DA:46,0
LF:2
LH:0
BRF:0
BRH:0
end_of_record
TN:
SF:src/models/Message.ts
FNF:0
FNH:0
DA:10,0
LF:1
LH:0
BRF:0
BRH:0
end_of_record
TN:
SF:src/models/Notification.ts
FNF:0
FNH:0
DA:14,0
DA:54,0
DA:55,0
LF:3
LH:0
BRF:0
BRH:0
end_of_record
TN:
SF:src/models/Request.ts
FNF:0
FNH:0
DA:1,7
DA:18,7
DA:80,7
LF:3
LH:3
BRF:0
BRH:0
end_of_record
TN:
SF:src/models/Review.ts
FNF:0
FNH:0
DA:13,0
DA:45,0
LF:2
LH:0
BRF:0
BRH:0
end_of_record
TN:
SF:src/models/User.ts
FN:43,(anonymous_0)
FN:54,(anonymous_1)
FN:76,(anonymous_2)
FN:102,(anonymous_3)
FNF:4
FNH:4
FNDA:75,(anonymous_0)
FNDA:75,(anonymous_1)
FNDA:75,(anonymous_2)
FNDA:75,(anonymous_3)
DA:1,7
DA:22,7
DA:44,75
DA:55,75
DA:77,75
DA:103,75
DA:110,7
DA:111,7
LF:8
LH:8
BRF:0
BRH:0
end_of_record
TN:
SF:src/routes/AuthRoutes.ts
FNF:0
FNH:0
DA:1,7
DA:2,7
DA:8,7
DA:11,7
DA:12,7
DA:13,7
DA:15,7
LF:7
LH:7
BRF:0
BRH:0
end_of_record
TN:
SF:src/routes/BlogRoutes.ts
FNF:0
FNH:0
DA:1,7
DA:2,7
DA:11,7
DA:14,7
DA:17,7
DA:20,7
DA:23,7
DA:26,7
DA:29,7
DA:31,7
LF:10
LH:10
BRF:0
BRH:0
end_of_record
TN:
SF:src/routes/ChatRoutes.ts
FNF:0
FNH:0
DA:10,0
DA:12,0
DA:13,0
DA:14,0
DA:15,0
LF:5
LH:0
BRF:0
BRH:0
end_of_record
TN:
SF:src/routes/CommentRoutes.ts
FNF:0
FNH:0
DA:6,0
DA:9,0
DA:12,0
LF:3
LH:0
BRF:0
BRH:0
end_of_record
TN:
SF:src/routes/FilterRoutes.ts
FNF:0
FNH:0
DA:7,0
DA:8,0
DA:9,0
LF:3
LH:0
BRF:0
BRH:0
end_of_record
TN:
SF:src/routes/LikeRoutes.ts
FNF:0
FNH:0
DA:9,0
DA:12,0
DA:15,0
DA:18,0
DA:21,0
LF:5
LH:0
BRF:0
BRH:0
end_of_record
TN:
SF:src/routes/ListingRoutes.ts
FNF:0
FNH:0
DA:1,7
DA:2,7
DA:12,7
DA:15,7
DA:18,7
DA:21,7
DA:24,7
DA:27,7
DA:30,7
DA:33,7
DA:35,7
LF:11
LH:11
BRF:0
BRH:0
end_of_record
TN:
SF:src/routes/LocationRoutes.ts
FNF:0
FNH:0
DA:1,7
DA:2,7
DA:10,7
DA:13,7
DA:16,7
DA:19,7
DA:22,7
DA:25,7
DA:27,7
LF:9
LH:9
BRF:0
BRH:0
end_of_record
TN:
SF:src/routes/MatchRoutes.ts
FNF:0
FNH:0
DA:4,0
DA:7,0
LF:2
LH:0
BRF:0
BRH:0
end_of_record
TN:
SF:src/routes/MessageRoutes.ts
FNF:0
FNH:0
DA:5,0
DA:7,0
DA:8,0
LF:3
LH:0
BRF:0
BRH:0
end_of_record
TN:
SF:src/routes/NotificationRoutes.ts
FNF:0
FNH:0
DA:10,0
DA:13,0
DA:16,0
DA:19,0
DA:22,0
DA:25,0
LF:6
LH:0
BRF:0
BRH:0
end_of_record
TN:
SF:src/routes/RequestRoutes.ts
FNF:0
FNH:0
DA:1,7
DA:2,7
DA:6,7
DA:9,7
DA:12,7
DA:14,7
LF:6
LH:6
BRF:0
BRH:0
end_of_record
TN:
SF:src/routes/ReviewRoutes.ts
FNF:0
FNH:0
DA:13,0
DA:16,0
DA:19,0
DA:22,0
DA:25,0
DA:28,0
DA:31,0
DA:34,0
LF:8
LH:0
BRF:0
BRH:0
end_of_record
TN:
SF:src/routes/UserRoutes.ts
FNF:0
FNH:0
DA:1,7
DA:2,7
DA:8,7
DA:11,7
DA:14,7
DA:17,7
DA:19,7
LF:7
LH:7
BRF:0
BRH:0
end_of_record
TN:
SF:src/routes/uploadRoutes.ts
FNF:0
FNH:0
DA:7,0
DA:10,0
DA:13,0
LF:3
LH:0
BRF:0
BRH:0
end_of_record
TN:
SF:src/services/UploadService.ts
FN:7,(anonymous_0)
FN:15,(anonymous_1)
FNF:2
FNH:0
FNDA:0,(anonymous_0)
FNDA:0,(anonymous_1)
DA:5,0
DA:7,0
DA:11,0
DA:13,0
DA:15,0
DA:16,0
DA:19,0
DA:21,0
DA:22,0
DA:28,0
DA:29,0
DA:31,0
DA:32,0
LF:13
LH:0
BRDA:5,0,0,0
BRDA:5,0,1,0
BRDA:9,1,0,0
BRDA:11,2,0,0
BRDA:11,2,1,0
BRF:5
BRH:0
end_of_record
